
Gurobi 9.1.1 (win64, Matlab) logging started Wed May 19 16:18:09 2021

Gurobi Optimizer version 9.1.1 build v9.1.1rc0 (win64)
Thread count: 4 physical cores, 8 logical processors, using up to 8 threads
Optimize a model with 2478 rows, 1239 columns and 150378 nonzeros
Model fingerprint: 0xe8904ad9
Variable types: 639 continuous, 600 integer (600 binary)
Coefficient statistics:
  Matrix range     [2e-09, 4e+00]
  Objective range  [1e+00, 1e+00]
  Bounds range     [1e+00, 1e+00]
  RHS range        [4e-06, 4e+00]
Presolve removed 1008 rows and 488 columns
Presolve time: 0.34s
Presolved: 1470 rows, 751 columns, 86473 nonzeros
Variable types: 395 continuous, 356 integer (356 binary)

Root relaxation: objective 5.897554e-02, 8233 iterations, 1.77 seconds

    Nodes    |    Current Node    |     Objective Bounds      |     Work
 Expl Unexpl |  Obj  Depth IntInf | Incumbent    BestBd   Gap | It/Node Time

     0     0    0.05898    0  151          -    0.05898      -     -    2s
     0     0    0.05901    0  182          -    0.05901      -     -    3s
     0     0    0.05915    0  169          -    0.05915      -     -    3s
     0     0    0.05924    0  187          -    0.05924      -     -    4s
     0     0    0.05926    0  185          -    0.05926      -     -    5s
     0     0    0.05950    0  167          -    0.05950      -     -    6s
     0     0    0.05958    0  187          -    0.05958      -     -    6s
     0     0    0.06011    0  161          -    0.06011      -     -    7s
     0     0    0.06040    0  180          -    0.06040      -     -    7s
     0     0    0.06048    0  179          -    0.06048      -     -    8s
     0     0    0.06049    0  188          -    0.06049      -     -    8s
     0     0    0.06049    0  185          -    0.06049      -     -    8s
     0     0    0.06050    0  181          -    0.06050      -     -    9s
     0     0    0.06050    0  191          -    0.06050      -     -    9s
     0     0    0.06051    0  187          -    0.06051      -     -    9s
     0     0    0.07614    0  189          -    0.07614      -     -   10s
     0     0    0.07614    0  189          -    0.07614      -     -   10s
     0     0    0.07614    0  188          -    0.07614      -     -   10s
     0     0    0.07614    0  188          -    0.07614      -     -   10s
     0     0    0.07614    0  189          -    0.07614      -     -   11s
     0     0    0.07614    0  191          -    0.07614      -     -   11s
     0     0    0.07614    0  189          -    0.07614      -     -   11s
     0     0    0.07641    0  191          -    0.07641      -     -   11s
     0     0    0.08309    0  195          -    0.08309      -     -   12s
     0     0    0.08309    0  195          -    0.08309      -     -   12s
     0     0    0.08309    0  198          -    0.08309      -     -   12s
H    0     0                      37.1318820    0.08577   100%     -   15s
     0     0    0.08577    0  179   37.13188    0.08577   100%     -   16s
     0     2    0.08577    0  174   37.13188    0.08577   100%     -   17s
     7    12    0.09777    3  184   37.13188    0.08577   100%  1822   20s
    19    22    0.09627    4  185   37.13188    0.09627   100%  1487   25s
H   27    30                       7.9920969    0.09656  98.8%  1443   29s
H   28    30                       6.8588264    0.09778  98.6%  1414   29s
    36    41    0.10502    6  183    6.85883    0.09778  98.6%  1254   31s
    51    54    0.11037    8  185    6.85883    0.09778  98.6%  1338   35s
    65    65    0.51451   10  137    6.85883    0.09778  98.6%  1286   40s
   103    91    0.20876   13  185    6.85883    0.09778  98.6%  1107   45s
   142   121    0.56224   15  135    6.85883    0.09778  98.6%  1017   53s
   146   137    0.23225   15  175    6.85883    0.09778  98.6%   991   55s
   240   196    0.27178   19  165    6.85883    0.09778  98.6%   760   60s
H  273   199                       6.8040813    0.09778  98.6%   705   61s
H  333   225                       6.8036433    0.09778  98.6%   616   64s
H  336   225                       6.7910748    0.09778  98.6%   611   64s
   342   232 infeasible   26         6.79107    0.09778  98.6%   614   65s
   430   317    0.32719   36  117    6.79107    0.09778  98.6%   579   71s
   570   406    0.35176   61   73    6.79107    0.09778  98.6%   501   75s
   716   491    0.78785   85   99    6.79107    0.09778  98.6%   445   80s
   812   495    1.46553  104  107    6.79107    0.09778  98.6%   412   85s
H  813   495                       6.7880186    0.09778  98.6%   411   85s
   903   535    4.97534   10  134    6.78802    0.11104  98.4%   398   90s
  1001   573    3.70926   12  139    6.78802    0.11104  98.4%   415  100s
H 1076   599                       6.7880184    0.11581  98.3%   410  116s
  1077   600    1.60147   57  179    6.78802    0.11581  98.3%   409  123s
  1079   601    3.56912   53  153    6.78802    0.11581  98.3%   409  130s
  1080   602    1.80715   17  155    6.78802    0.11581  98.3%   408  141s
  1083   607    0.11581   14  155    6.78802    0.11581  98.3%   416  145s
  1093   616    0.64267   16  146    6.78802    0.11581  98.3%   420  150s
  1111   626    1.21958   18  132    6.78802    0.11581  98.3%   420  155s
  1149   641    1.27057   23  125    6.78802    0.11581  98.3%   420  160s
  1215   648    1.40767   29  130    6.78802    0.11581  98.3%   421  165s
H 1240   630                       6.7698892    0.11581  98.3%   421  167s
  1354   685    1.56910   42  109    6.76989    0.11581  98.3%   405  172s
H 1501   685                       6.7693605    0.11581  98.3%   384  175s
H 1505   655                       6.7602278    0.11581  98.3%   384  175s
  1631   721    1.75412   63  100    6.76023    0.11581  98.3%   364  181s
  2123   820    1.92540  125   43    6.76023    0.11581  98.3%   310  185s
H 2347   807                       6.7597451    0.11581  98.3%   288  188s
  2426   812 infeasible  177         6.75975    0.11581  98.3%   281  190s
  2909  1045     cutoff   23         6.75975    0.11581  98.3%   250  195s
H 3169  1203                       6.7380766    0.11581  98.3%   235  200s
H 3171  1203                       6.7328035    0.11581  98.3%   235  200s
  3334  1344    0.13495   26  122    6.73280    0.11581  98.3%   227  205s
  4708  2444    0.23955   69  101    6.73280    0.11581  98.3%   175  211s
  5048  2692 infeasible   71         6.73280    0.11581  98.3%   168  215s
H 5526  2934                       6.7280388    0.11581  98.3%   161  220s
  6103  3317    1.51491   27  154    6.72804    0.11581  98.3%   154  227s
  6701  3819    0.29444   33  166    6.72804    0.11591  98.3%   148  231s
  7438  4241     cutoff   39         6.72804    0.11639  98.3%   139  238s
H 7439  4241                       6.7279579    0.11639  98.3%   139  238s
H 7441  4241                       6.7267870    0.11639  98.3%   139  238s
  7443  4346    2.26633   40  152    6.72679    0.11639  98.3%   139  240s
  8082  4938    0.41875  101  124    6.72679    0.11686  98.3%   135  247s
  8328  5234     cutoff  245         6.72679    0.11698  98.3%   132  250s
  9360  5919    0.13693   42  156    6.72679    0.11752  98.3%   125  256s
  9703  5996    0.76993   57  126    6.72679    0.11765  98.3%   123  260s
 10255  6952    1.10662   45  147    6.72679    0.11815  98.2%   121  266s
 11267  7315    0.21560   59  132    6.72679    0.11838  98.2%   115  270s
H11626  7317                       6.7254332    0.11848  98.2%   115  274s
H11630  7317                       6.7171185    0.11848  98.2%   115  274s
 11640  7337    0.14649   44  154    6.71712    0.11848  98.2%   115  277s
 11742  7436 infeasible   55         6.71712    0.11857  98.2%   116  281s
 11927  7714    0.13841   39  154    6.71712    0.11920  98.2%   115  286s
 12361  7918    0.54184   41  135    6.71712    0.11928  98.2%   114  291s
 13504  8511    0.97611   36  159    6.71712    0.12166  98.2%   110  299s
H13511  8511                       6.7171178    0.12166  98.2%   110  299s
 13513  8711    1.00816   37  158    6.71712    0.12166  98.2%   110  302s
H13745  8857                       6.7171022    0.12166  98.2%   109  306s
H13746  8857                       6.7170233    0.12166  98.2%   109  306s
H13874  8857                       6.7083141    0.12166  98.2%   108  306s
 14471  9976    0.93591   54  126    6.70831    0.12337  98.2%   106  311s
 15875 10549    1.31258   37  115    6.70831    0.12543  98.1%   101  316s
 16250 10871    0.46810   41  190    6.70831    0.12561  98.1%   100  320s
 17589 11779     cutoff   74         6.70831    0.12666  98.1%  97.7  326s
 18719 12520    4.60750   36  108    6.70831    0.12950  98.1%  95.1  330s
 19893 13141    0.99103   60  132    6.70831    0.13140  98.0%  93.7  336s
H20816 13460                       6.7083138    0.13409  98.0%  92.3  495s
H20818 12788                       6.7083137    0.13409  98.0%  92.3  505s
 20821 12790    0.68134   66  218    6.70831    0.13409  98.0%  92.3  514s
 20822 12790    0.92840   76  229    6.70831    0.13409  98.0%  92.3  519s
 20823 12791    0.21084   48  228    6.70831    0.13409  98.0%  92.3  524s
 20824 12792    1.62632   80  232    6.70831    0.13409  98.0%  92.3  530s
 20825 12792    0.84491   76  236    6.70831    0.13409  98.0%  92.3  543s
 20826 12793    0.14373   41  235    6.70831    0.13409  98.0%  92.3  552s
 20828 12794    0.97931   37  234    6.70831    0.13409  98.0%  92.3  556s
 20831 12796    1.10895   43  233    6.70831    0.13409  98.0%  92.3  560s
 20836 12800    0.86505  125  233    6.70831    0.13409  98.0%  92.2  567s
 20840 12802    1.35206  244  231    6.70831    0.13409  98.0%  92.2  572s
 20844 12805    0.74647   35  235    6.70831    0.13409  98.0%  92.2  576s
 20848 12808    1.06756  110  233    6.70831    0.13409  98.0%  92.2  581s
 20852 12810    3.85625   59  208    6.70831    0.13409  98.0%  92.2  587s
 20854 12812    0.72273   59  207    6.70831    0.13409  98.0%  92.2  591s
 20858 12814    0.74789   59  205    6.70831    0.13409  98.0%  92.1  597s
 20860 12816    1.61520  211  203    6.70831    0.13409  98.0%  92.1  600s
 20864 12818    1.60722   84  203    6.70831    0.13409  98.0%  92.1  605s
 20867 12820    0.28114   44  203    6.70831    0.13409  98.0%  92.1  612s
 20869 12822    1.46541  146  203    6.70831    0.13409  98.0%  92.1  616s
H20870 12183                       6.7083136    0.13409  98.0%  92.8  662s
 20872 12187    0.96698   24  149    6.70831    0.13409  98.0%  93.2  666s
 20876 12189    1.05278   25  149    6.70831    0.13409  98.0%  93.2  671s
 20884 12193    1.12743   26  151    6.70831    0.13409  98.0%  93.6  677s
 20892 12199    1.20426   27  144    6.70831    0.13409  98.0%  94.0  680s
H20898 11594                       6.7083133    0.13409  98.0%  94.1  681s
 20935 11625    1.31298   32  140    6.70831    0.13409  98.0%  94.7  685s
H20962 11056                       6.7083129    0.13409  98.0%  95.0  687s
 21035 11082 infeasible   47         6.70831    0.13409  98.0%  95.1  690s
 21159 11162    0.13409   49  153    6.70831    0.13409  98.0%  95.4  696s
H21188 10602                       6.7083129    0.13409  98.0%  95.4  696s
 21390 10684    0.13409   39  174    6.70831    0.13409  98.0%  95.5  700s
 21852 10801    0.13409   36  147    6.70831    0.13409  98.0%  95.4  705s
 22115 10914    0.71630  116  105    6.70831    0.13409  98.0%  95.0  710s
 22448 11158    0.13409   50  168    6.70831    0.13409  98.0%  94.4  715s
 22936 11249    0.13409   67  118    6.70831    0.13409  98.0%  93.9  721s
H22953 10720                       6.6986497    0.13409  98.0%  93.8  721s
 23546 10901    0.80111   79   98    6.69865    0.13409  98.0%  93.1  725s
 24036 11082    0.13409   40  167    6.69865    0.13409  98.0%  92.8  730s
 24854 11339    0.13409   41  166    6.69865    0.13409  98.0%  91.8  735s
 25664 11631     cutoff   88         6.69865    0.13409  98.0%  90.3  740s
 26256 11690    0.75266   70   97    6.69865    0.13409  98.0%  89.8  745s
 26771 11909 infeasible   98         6.69865    0.13409  98.0%  89.4  751s
 27251 12028    1.34165   96  138    6.69865    0.13409  98.0%  88.8  755s
 28202 11931    1.44306   66  102    6.69865    0.13409  98.0%  88.0  763s
H28218 11429                       6.6841858    0.13409  98.0%  88.0  763s
 28280 11706    0.13409   38  140    6.68419    0.13409  98.0%  88.0  765s
 29195 12056    1.07683   56  106    6.68419    0.13409  98.0%  86.7  770s
 30005 12372    3.38027   70  156    6.68419    0.13409  98.0%  85.6  775s
 30956 12719    1.08629  103  114    6.68419    0.13409  98.0%  84.6  780s
 31672 12814    1.84588   93  100    6.68419    0.13409  98.0%  83.9  786s
 33305 13104 infeasible   52         6.68419    0.13409  98.0%  82.0  791s
 33953 13319    3.82198   97  156    6.68419    0.13409  98.0%  81.5  795s
 35118 13442    0.30086   71   98    6.68419    0.13409  98.0%  80.6  801s
 35714 13514    1.58645   74  139    6.68419    0.13409  98.0%  80.3  805s
 36935 13754 infeasible   56         6.68419    0.13409  98.0%  79.3  811s
H37790 13176                       6.6416195    0.13409  98.0%  79.0  817s
H37791 12728                       6.6144187    0.13409  98.0%  79.0  817s
 37800 12748    1.01549   62  115    6.61442    0.13409  98.0%  79.0  820s
 38324 13211    1.62506   58  117    6.61442    0.13409  98.0%  78.8  825s
 40167 13288    1.42512   67  123    6.61442    0.13409  98.0%  77.1  830s
 41253 13511    2.96619   75  150    6.61442    0.13409  98.0%  76.3  836s
 41693 13698     cutoff   87         6.61442    0.13409  98.0%  76.1  841s
 41972 13843    0.63609   53  122    6.61442    0.13409  98.0%  75.9  846s
 42809 13957    0.13409   42  177    6.61442    0.13409  98.0%  75.9  852s
 43447 13906    2.50890   81  142    6.61442    0.13409  98.0%  75.5  855s
 44650 14274    0.72908   69  147    6.61442    0.13409  98.0%  74.8  862s
 45438 14319    2.47639   59  148    6.61442    0.13409  98.0%  74.5  866s
 46264 14301    0.13409   75  128    6.61442    0.13409  98.0%  74.3  871s
 46960 14572    0.13409   47  140    6.61442    0.13409  98.0%  74.2  876s
 47528 15032    0.13409   52  121    6.61442    0.13409  98.0%  74.2  881s
 48348 15418    0.13409   63  185    6.61442    0.13409  98.0%  74.0  886s
 49020 15713 infeasible   73         6.61442    0.13409  98.0%  73.8  890s
 50008 16309 infeasible   58         6.61442    0.13409  98.0%  73.5  895s
H50678 16313                       6.6048203    0.13409  98.0%  73.2  900s
 50682 16326    0.52181   59  153    6.60482    0.13409  98.0%  73.2  905s
 50789 16541    0.13409   53  150    6.60482    0.13409  98.0%  73.2  911s
 51763 16828    0.13409   68  145    6.60482    0.13409  98.0%  72.8  915s
 52303 17285 infeasible   54         6.60482    0.13409  98.0%  72.8  922s
 52952 17317    0.13409   55  156    6.60482    0.13409  98.0%  72.7  925s
 53932 17841     cutoff   72         6.60482    0.13409  98.0%  72.6  932s
 54622 18040 infeasible   46         6.60482    0.13409  98.0%  72.6  937s
 54836 18435    0.13409   55  145    6.60482    0.13409  98.0%  72.6  940s
 56246 18948 infeasible   61         6.60482    0.13409  98.0%  72.0  945s
 56918 19171    0.13409   52  134    6.60482    0.13409  98.0%  72.0  950s
 57977 19570 infeasible   55         6.60482    0.13409  98.0%  72.0  957s
 58686 19835    2.59098   76  129    6.60482    0.13409  98.0%  72.0  961s
 59447 20342 infeasible   61         6.60482    0.13409  98.0%  71.8  966s
 60191 20598 infeasible   57         6.60482    0.13409  98.0%  71.7  971s
 60895 20805    0.34679   56  130    6.60482    0.13409  98.0%  71.6  977s
 61372 20938 infeasible   46         6.60482    0.13409  98.0%  71.5  981s
 62011 21150    0.47047   60   54    6.60482    0.13409  98.0%  71.6  987s
 62211 21345    0.13409   57  147    6.60482    0.13409  98.0%  71.6  991s
 62681 21620    0.38254   72  118    6.60482    0.13409  98.0%  71.4  997s
 63261 21650 infeasible   61         6.60482    0.13409  98.0%  71.3 1000s
 63864 22164    0.13409   60  138    6.60482    0.13409  98.0%  71.2 1009s
 64480 22196 infeasible   51         6.60482    0.13409  98.0%  71.2 1012s
 64558 22525 infeasible   53         6.60482    0.13409  98.0%  71.2 1017s
 65170 22529    0.13409   58  143    6.60482    0.13409  98.0%  71.0 1051s
H65172 22529                       6.6048193    0.13409  98.0%  71.0 1051s
H65174 22533                       6.5989035    0.13409  98.0%  71.0 1059s
H65175 22532                       6.5101753    0.13409  97.9%  71.0 1059s
 65178 22558    0.13409   60  176    6.51018    0.13409  97.9%  71.0 1063s
 65243 22593 infeasible   57         6.51018    0.13409  97.9%  71.0 1066s
 65408 22629    0.13409   57  114    6.51018    0.13409  97.9%  71.0 1073s
 65478 22648    0.13409   55  159    6.51018    0.13409  97.9%  71.1 1076s
 65552 22852    0.13409   61  145    6.51018    0.13409  97.9%  71.1 1081s
 66053 22921    1.54702   76  130    6.51018    0.13409  97.9%  71.1 1086s
 66263 23144    0.13409   64  116    6.51018    0.13409  97.9%  71.1 1091s
 66827 23155     cutoff   67         6.51018    0.13409  97.9%  71.1 1095s
 66930 23255     cutoff   66         6.51018    0.13409  97.9%  71.1 1100s
 67381 23452    0.13409   63  115    6.51018    0.13409  97.9%  71.2 1105s
 68037 23714    0.13409   63  147    6.51018    0.13409  97.9%  71.2 1114s
 68512 23939    0.13409   66  185    6.51018    0.13409  97.9%  71.3 1119s
 69059 23949 infeasible   78         6.51018    0.13409  97.9%  71.2 1124s
 69143 24043    0.13409   60  140    6.51018    0.13409  97.9%  71.3 1129s
 69636 24241    0.13409   56  176    6.51018    0.13409  97.9%  71.3 1134s
 70099 24320 infeasible   77         6.51018    0.13409  97.9%  71.3 1138s
 70306 24711    0.13409   71  129    6.51018    0.13409  97.9%  71.3 1143s
 71110 24789    0.51640   55  150    6.51018    0.13409  97.9%  71.1 1147s
 71327 24894 infeasible   70         6.51018    0.13409  97.9%  71.2 1153s
 71732 25032     cutoff   48         6.51018    0.13409  97.9%  71.4 1156s
 71974 25341    0.13409   74  128    6.51018    0.13409  97.9%  71.3 1161s
 72552 25522    0.25094   65  116    6.51018    0.13409  97.9%  71.3 1166s
 73270 25630    0.45008   78  143    6.51018    0.13409  97.9%  71.2 1172s
 73624 25982    0.13409   68  168    6.51018    0.13409  97.9%  71.2 1180s
 74611 26273    0.13409   56  173    6.51018    0.13409  97.9%  71.2 1189s
 75244 26482 infeasible   86         6.51018    0.13409  97.9%  71.3 1194s
 75738 26741     cutoff   80         6.51018    0.13409  97.9%  71.2 1198s
 76306 26786    0.22097   58  156    6.51018    0.13409  97.9%  71.2 1202s
 76446 27000    0.13409   57  183    6.51018    0.13409  97.9%  71.2 1207s
 76948 27320 infeasible   96         6.51018    0.13409  97.9%  71.2 1211s
 77740 27388 infeasible   67         6.51018    0.13409  97.9%  71.1 1218s
 77819 27606 infeasible   63         6.51018    0.13409  97.9%  71.1 1223s
 78354 27706    0.13409   76  133    6.51018    0.13409  97.9%  71.1 1226s
 78606 27845 infeasible   51         6.51018    0.13409  97.9%  71.1 1231s
 79128 28236 infeasible  134         6.51018    0.13409  97.9%  71.1 1235s
 79966 28625    0.13409   64  124    6.51018    0.13409  97.9%  70.9 1243s
 80535 28850    0.48870   89  103    6.51018    0.13409  97.9%  70.8 1247s
 81063 28930    0.13409   60  123    6.51018    0.13409  97.9%  70.7 1251s
 81304 29055 infeasible   78         6.51018    0.13409  97.9%  70.9 1255s
 81563 29197 infeasible   68         6.51018    0.13409  97.9%  70.9 1260s
 82203 29630    0.13409   79  152    6.51018    0.13409  97.9%  70.9 1269s
 82857 29703 infeasible   77         6.51018    0.13409  97.9%  70.8 1272s
 83076 30021    0.13409   55  153    6.51018    0.13409  97.9%  70.8 1276s
 83658 30240    0.13409   84  144    6.51018    0.13409  97.9%  70.7 1283s
H84174 30244                       6.4886280    0.13409  97.9%  70.6 1293s
H84176 30244                       6.4877291    0.13409  97.9%  70.6 1293s
 84178 30287    0.13409   67  141    6.48773    0.13409  97.9%  70.6 1297s
 84273 30564    0.13409   59   72    6.48773    0.13409  97.9%  70.6 1304s
 85021 30770    0.13409   69  174    6.48773    0.13409  97.9%  70.6 1309s
 85530 30846    0.13409   78  167    6.48773    0.13409  97.9%  70.6 1313s
 85700 31102    0.13409   70  145    6.48773    0.13409  97.9%  70.6 1319s
 86217 31433    0.13409   62  177    6.48773    0.13409  97.9%  70.6 1324s
 86893 31544    0.52204  114  156    6.48773    0.13409  97.9%  70.5 1327s
 87150 31854    0.13409   64  149    6.48773    0.13409  97.9%  70.5 1332s
 87807 31912    0.61486   72  112    6.48773    0.13409  97.9%  70.4 1336s
 87997 32230 infeasible   71         6.48773    0.13409  97.9%  70.5 1341s
 88684 32322    0.13409   61  165    6.48773    0.13409  97.9%  70.3 1345s
 89170 32571 infeasible   67         6.48773    0.13409  97.9%  70.4 1354s
 89671 32681    0.13409   59  151    6.48773    0.13409  97.9%  70.4 1358s
 89954 32999    0.13409   46  138    6.48773    0.13409  97.9%  70.4 1363s
 90559 33047    0.17568   69  123    6.48773    0.13409  97.9%  70.3 1366s
 90683 33227 infeasible   66         6.48773    0.13409  97.9%  70.3 1371s
 91123 33471    0.13409   60  113    6.48773    0.13409  97.9%  70.3 1376s
 91704 33581    0.13409   59  159    6.48773    0.13409  97.9%  70.3 1381s
 91955 33705     cutoff   66         6.48773    0.13409  97.9%  70.3 1385s
 92526 33988    0.36956   56  115    6.48773    0.13409  97.9%  70.3 1394s
 93122 34015    0.16195   61  174    6.48773    0.13409  97.9%  70.3 1397s
 93211 34140    0.13676   70  178    6.48773    0.13409  97.9%  70.3 1402s
 93691 34305    0.13409   55  155    6.48773    0.13409  97.9%  70.3 1407s
 94183 34377 infeasible   51         6.48773    0.13409  97.9%  70.4 1414s
 94425 34922    0.29888   81  100    6.48773    0.13409  97.9%  70.4 1426s
 95807 34946    1.69873   76  134    6.48773    0.13409  97.9%  70.4 1430s
 95883 35100 infeasible   54         6.48773    0.13409  97.9%  70.4 1435s
 96328 35397    0.13409   74  120    6.48773    0.13409  97.9%  70.4 1440s
 97178 35599    0.18548   71  168    6.48773    0.13409  97.9%  70.4 1449s
 97617 35720    0.13409   56  105    6.48773    0.13409  97.9%  70.4 1453s
 97911 35966 infeasible   54         6.48773    0.13409  97.9%  70.4 1459s
 98515 36098 infeasible   66         6.48773    0.13409  97.9%  70.4 1463s
 98834 36405    0.29491   75  111    6.48773    0.13409  97.9%  70.4 1468s
 99466 36478    0.13409   50  150    6.48773    0.13409  97.9%  70.3 1472s
 99659 36699    0.13409   59  143    6.48773    0.13409  97.9%  70.3 1477s
 100122 37074    0.13409   76  154    6.48773    0.13409  97.9%  70.2 1483s
 100855 37169    0.13409   60  155    6.48773    0.13409  97.9%  70.1 1487s
 101124 37457    0.13409   82  118    6.48773    0.13409  97.9%  70.2 1492s
 101672 37769    0.13409   79  151    6.48773    0.13409  97.9%  70.2 1497s
 102258 37899    0.13409   63  117    6.48773    0.13409  97.9%  70.2 1501s
 102467 38086    0.13409   69  155    6.48773    0.13409  97.9%  70.2 1506s
 102955 38462    0.13409   64  118    6.48773    0.13409  97.9%  70.2 1511s
 103664 38614    0.13747   68   89    6.48773    0.13409  97.9%  70.0 1515s
 103995 38782    1.07113   71  134    6.48773    0.13409  97.9%  70.0 1520s
 104474 38967    0.17085  105   74    6.48773    0.13409  97.9%  70.1 1527s
 104873 39267 infeasible   63         6.48773    0.13409  97.9%  70.1 1534s
 105594 39401    1.02890   76  144    6.48773    0.13409  97.9%  70.1 1539s
 105903 39842 infeasible   52         6.48773    0.13409  97.9%  70.1 1546s
 106761 39889    0.13409   45  159    6.48773    0.13409  97.9%  70.0 1550s
 106917 40086 infeasible   51         6.48773    0.13409  97.9%  70.0 1555s
 107438 40280 infeasible   88         6.48773    0.13409  97.9%  70.0 1561s
 108111 40357 infeasible   62         6.48773    0.13409  97.9%  69.9 1565s
 108329 40563    0.13409   62  164    6.48773    0.13409  97.9%  69.9 1570s
 108877 40767 infeasible   70         6.48773    0.13409  97.9%  69.9 1575s
 109566 41173 infeasible   54         6.48773    0.13409  97.9%  70.0 1585s
 110211 41435 infeasible   60         6.48773    0.13409  97.9%  69.9 1590s
 110886 41807 infeasible   77         6.48773    0.13409  97.9%  69.9 1599s
 111585 42014 infeasible   58         6.48773    0.13409  97.9%  69.9 1605s
 112458 42476    0.13409   79  123    6.48773    0.13409  97.9%  69.8 1615s
 113106 42829    0.13409   84  161    6.48773    0.13409  97.9%  69.8 1620s
 114350 43115 infeasible   49         6.48773    0.13409  97.9%  69.5 1628s
 114636 43262    0.24845   61  155    6.48773    0.13409  97.9%  69.6 1633s
 115050 43384    0.13409   84  150    6.48773    0.13409  97.9%  69.6 1640s
 115536 43704    0.30831   61  138    6.48773    0.13409  97.9%  69.5 1646s
 116338 43943    0.13409   68  156    6.48773    0.13409  97.9%  69.5 1651s
H116874 43944                       6.4877202    0.13409  97.9%  69.4 1662s
 116881 43971    0.13409  120   71    6.48772    0.13409  97.9%  69.4 1665s
 116940 44325    0.34545  140   74    6.48772    0.13409  97.9%  69.4 1670s
 117687 44640    0.27968   79  119    6.48772    0.13409  97.9%  69.4 1678s
 118273 44901    0.13409   63  156    6.48772    0.13409  97.9%  69.4 1683s
 118774 44946    0.13409   54   75    6.48772    0.13409  97.9%  69.3 1687s
 118916 45091 infeasible   64         6.48772    0.13409  97.9%  69.3 1692s
 119463 45117 infeasible   76         6.48772    0.13409  97.9%  69.4 1696s
 119583 45312    0.13409   41  182    6.48772    0.13409  97.9%  69.4 1700s
 120074 45691    0.13409   38  186    6.48772    0.13409  97.9%  69.3 1705s
 121066 46322    0.13409   92  122    6.48772    0.13409  97.9%  69.2 1714s
 121816 46612     cutoff   96         6.48772    0.13409  97.9%  69.1 1719s
 122465 46890    0.13409   72  123    6.48772    0.13409  97.9%  69.0 1724s
 123080 46959 infeasible  102         6.48772    0.13409  97.9%  69.0 1727s
 123226 47335 infeasible   64         6.48772    0.13409  97.9%  69.0 1731s
 123949 47591    0.13409   57  204    6.48772    0.13409  97.9%  68.8 1736s
 124500 47851    0.13409   62  198    6.48772    0.13409  97.9%  68.8 1740s
 125363 48515    0.38105  105  159    6.48772    0.13409  97.9%  68.7 1753s
 126230 48584 infeasible  156         6.48772    0.13409  97.9%  68.5 1755s
 127140 49242    0.13409   72  106    6.48772    0.13409  97.9%  68.4 1763s
 127635 49443    0.13409   43  164    6.48772    0.13409  97.9%  68.3 1767s
 128251 49771 infeasible   81         6.48772    0.13409  97.9%  68.2 1773s
 128752 50139 infeasible   69         6.48772    0.13409  97.9%  68.2 1777s
 129399 50269    0.43334   62  178    6.48772    0.13409  97.9%  68.1 1781s
 129613 50313 infeasible   71         6.48772    0.13409  97.9%  68.0 1824s
H129656 50313                       6.4877196    0.13409  97.9%  68.0 1824s
 129742 50347     cutoff   83         6.48772    0.13409  97.9%  68.0 1827s
H129743 50347                       6.4857894    0.13409  97.9%  68.0 1827s
 129802 50401 infeasible   86         6.48579    0.13409  97.9%  68.0 1830s
 129976 50710     cutoff   96         6.48579    0.13409  97.9%  68.0 1838s
 130723 50997    2.62228   84  131    6.48579    0.13409  97.9%  67.8 1842s
 131255 51143    0.13409   80  152    6.48579    0.13409  97.9%  67.8 1846s
 131567 51509    0.13409   46  201    6.48579    0.13409  97.9%  67.7 1851s
 132126 52017 infeasible   85         6.48579    0.13409  97.9%  67.6 1856s
 132959 52304    0.13409   84  160    6.48579    0.13409  97.9%  67.4 1860s
 133388 52694    0.13409   98  175    6.48579    0.13409  97.9%  67.3 1865s
 134779 53226    0.48413   96  147    6.48579    0.13409  97.9%  67.1 1873s
 135067 53478 infeasible   86         6.48579    0.13409  97.9%  67.1 1877s
 135534 53920 infeasible   75         6.48579    0.13409  97.9%  67.0 1881s
 136218 54155    0.56068  143  133    6.48579    0.13409  97.9%  66.9 1889s
 136705 54570    0.13409   68  165    6.48579    0.13409  97.9%  66.9 1895s
 137376 54986    0.18278  158   99    6.48579    0.13409  97.9%  66.8 1901s
 138103 55190    0.46902   68  133    6.48579    0.13409  97.9%  66.7 1905s
 138435 55366    0.13409   97  145    6.48579    0.13409  97.9%  66.7 1911s
 138994 55692    0.13409   50  143    6.48579    0.13409  97.9%  66.7 1916s
 139628 55840    0.17735   51   51    6.48579    0.13409  97.9%  66.7 1920s
 139922 56243    0.13409   40  173    6.48579    0.13409  97.9%  66.7 1926s
 140680 56462    0.28180   66  141    6.48579    0.13409  97.9%  66.7 1930s
 141641 57016    0.51627  112  196    6.48579    0.13409  97.9%  66.5 1939s
 142267 57405    0.48179   82  152    6.48579    0.13409  97.9%  66.5 1943s
H142977 57561                       6.4857893    0.13409  97.9%  66.4 1947s
 143215 57898    0.13409   68  138    6.48579    0.13409  97.9%  66.3 1952s
 143815 58276     cutoff  102         6.48579    0.13409  97.9%  66.3 1957s
 144480 58405    0.62865  147  153    6.48579    0.13409  97.9%  66.2 1961s
 144723 58780    0.13409   51  147    6.48579    0.13409  97.9%  66.2 1965s
 145391 59240 infeasible   94         6.48579    0.13409  97.9%  66.1 1970s
 146517 59648    0.13409   78  119    6.48579    0.13409  97.9%  66.0 1981s
 147041 59842 infeasible   55         6.48579    0.13409  97.9%  65.9 1988s
 147736 60012    1.09505   75  122    6.48579    0.13409  97.9%  66.0 1992s
 148074 60348    0.13409   82  162    6.48579    0.13409  97.9%  65.9 1998s
 148801 60674    0.13409   74  122    6.48579    0.13409  97.9%  65.9 2003s
 149435 60928    0.25163   79  161    6.48579    0.13409  97.9%  65.9 2007s
 149867 61115    0.41864   89  152    6.48579    0.13409  97.9%  65.8 2012s
 150492 61257    0.13409   86  203    6.48579    0.13409  97.9%  65.8 2016s
 150796 61585    0.13409   69  123    6.48579    0.13409  97.9%  65.8 2021s
 151502 61854 infeasible   74         6.48579    0.13409  97.9%  65.7 2026s
 152011 61906    0.63023   70  144    6.48579    0.13409  97.9%  65.7 2030s
 152181 62378    0.13409   51  171    6.48579    0.13409  97.9%  65.7 2035s
 153862 63100    0.13409   66  148    6.48579    0.13409  97.9%  65.4 2044s
 154420 63106    0.13409   48  188    6.48579    0.13409  97.9%  65.4 2049s
H154421 63106                       6.4741211    0.13409  97.9%  65.4 2049s
H154429 63100                       6.2855645    0.13409  97.9%  65.4 2049s
 154436 63165    0.14620   50  176    6.28556    0.13409  97.9%  65.4 2052s
 154623 63339    0.13409   38  178    6.28556    0.13409  97.9%  65.4 2056s
 155028 63654    0.40262   72  162    6.28556    0.13409  97.9%  65.4 2061s
 155654 63882    0.13409   88   93    6.28556    0.13409  97.9%  65.4 2065s
*156244 55208             204       1.3187868    0.13409  89.8%  65.4 2069s
 156573 55325     cutoff  235         1.31879    0.13409  89.8%  65.3 2072s
 156974 55756 infeasible   62         1.31879    0.13409  89.8%  65.3 2081s
 157883 56250 infeasible   58         1.31879    0.13409  89.8%  65.2 2088s
 158696 56509    1.29940   59   83    1.31879    0.13409  89.8%  65.1 2092s
 159214 56796    0.13409   64  128    1.31879    0.13409  89.8%  65.0 2096s
 159975 57220    0.13409   48  176    1.31879    0.13409  89.8%  65.0 2103s
 160618 57373     cutoff   84         1.31879    0.13409  89.8%  64.9 2107s
 161039 57472 infeasible   71         1.31879    0.13409  89.8%  64.9 2110s
 161935 58011 infeasible   45         1.31879    0.13409  89.8%  64.8 2117s
 162249 58229    0.13409   68  138    1.31879    0.13409  89.8%  64.7 2121s
 162901 58519    0.13409   41  181    1.31879    0.13409  89.8%  64.7 2128s
 163497 58678    0.26999   71  170    1.31879    0.13409  89.8%  64.6 2131s
 163810 58879    0.13409   66  153    1.31879    0.13409  89.8%  64.6 2135s
 164415 59550    0.13409   94  151    1.31879    0.13409  89.8%  64.6 2143s
 165223 59933    0.26319   94  131    1.31879    0.13409  89.8%  64.4 2147s
 165859 59969 infeasible   43         1.31879    0.13409  89.8%  64.3 2150s
 166600 60337    0.13409   48  182    1.31879    0.13409  89.8%  64.3 2157s
 166786 60527    0.13409   44  180    1.31879    0.13409  89.8%  64.3 2162s
 167256 61247 infeasible   46         1.31879    0.13409  89.8%  64.3 2170s
 168569 61519    0.13409   91  163    1.31879    0.13409  89.8%  64.1 2175s
 169449 61763    0.13409   64  166    1.31879    0.13409  89.8%  64.0 2182s
 169530 61976    0.13409   51  177    1.31879    0.13409  89.8%  64.0 2185s
 170598 62381     cutoff   74         1.31879    0.13409  89.8%  63.9 2193s
 170771 62655    0.13409   78  147    1.31879    0.13409  89.8%  63.9 2197s
 171301 63100    0.61339   77   96    1.31879    0.13409  89.8%  63.8 2201s
 172235 63505    0.13409   66  206    1.31879    0.13409  89.8%  63.7 2208s
 172803 63782    0.56974   71  172    1.31879    0.13409  89.8%  63.7 2212s
 173314 63892    0.96739  113   90    1.31879    0.13409  89.8%  63.6 2216s
 173530 64159    0.13409   54  159    1.31879    0.13409  89.8%  63.6 2220s
 174636 64382 infeasible   67         1.31879    0.13409  89.8%  63.5 2228s
 174819 64707    0.13409   54  135    1.31879    0.13409  89.8%  63.6 2232s
 175452 64799    0.13409   48  169    1.31879    0.13409  89.8%  63.5 2236s
 175620 65044    0.13409   51  194    1.31879    0.13409  89.8%  63.5 2240s
 176201 65244 infeasible   59         1.31879    0.13409  89.8%  63.5 2247s
 176783 65344    0.13409   67  135    1.31879    0.13409  89.8%  63.5 2251s
 177200 65756    0.13409   73  183    1.31879    0.13409  89.8%  63.5 2259s
 177841 66043    0.13409   76  137    1.31879    0.13409  89.8%  63.4 2266s
 178450 66134    1.00932   74  137    1.31879    0.13409  89.8%  63.4 2271s
 178643 66528     cutoff   57         1.31879    0.13409  89.8%  63.4 2278s
 179542 66578 infeasible  101         1.31879    0.13409  89.8%  63.4 2281s
 179665 67084    0.13409   58  186    1.31879    0.13409  89.8%  63.4 2287s
 180509 67331    0.13409   69  173    1.31879    0.13409  89.8%  63.3 2292s
 181121 67483    0.13409   68  102    1.31879    0.13409  89.8%  63.2 2295s
 181450 67635    0.13409   52  185    1.31879    0.13409  89.8%  63.2 2300s
 181737 67879 infeasible   43         1.31879    0.13409  89.8%  63.2 2305s
 182764 68538    0.13409   89  185    1.31879    0.13409  89.8%  63.1 2315s
 183706 69066    0.13409   76  187    1.31879    0.13409  89.8%  63.1 2324s
 184379 69496    0.13409   69  136    1.31879    0.13409  89.8%  63.0 2329s
 185187 69739    0.13409   75  118    1.31879    0.13409  89.8%  62.9 2333s
H185580 70080                       1.3144808    0.13409  89.8%  62.8 2338s
 186249 70330    0.13409   83  165    1.31448    0.13409  89.8%  62.8 2343s
 186776 70452    0.13409   58  199    1.31448    0.13409  89.8%  62.8 2348s
 187001 70841    0.13409   60  185    1.31448    0.13409  89.8%  62.7 2353s
 187693 71140    0.91154   67   90    1.31448    0.13409  89.8%  62.7 2358s
 188326 71264    0.13409   61  193    1.31448    0.13409  89.8%  62.7 2366s
 188554 72402    0.13409   65  188    1.31448    0.13409  89.8%  62.6 2381s
 190883 72737     cutoff   62         1.31448    0.13409  89.8%  62.5 2389s
 191381 72897    0.13409  101  194    1.31448    0.13409  89.8%  62.5 2393s
 191727 73064 infeasible   69         1.31448    0.13409  89.8%  62.5 2397s
 192056 73408    0.13409   62  145    1.31448    0.13409  89.8%  62.4 2403s
 192843 73515    0.13409   61  155    1.31448    0.13409  89.8%  62.4 2406s
 193068 73958    0.13409   63  191    1.31448    0.13409  89.8%  62.4 2411s
 193826 74299    0.13409   65  139    1.31448    0.13409  89.8%  62.3 2416s
 194483 74414    0.13409   50  183    1.31448    0.13409  89.8%  62.3 2420s
 194765 74829 infeasible   44         1.31448    0.13409  89.8%  62.3 2425s
 195698 75238    0.13409   63  173    1.31448    0.13409  89.8%  62.2 2434s
 196254 75539    0.13409   66  180    1.31448    0.13409  89.8%  62.2 2439s
 196885 75746    0.13409   48  187    1.31448    0.13409  89.8%  62.1 2443s
 197307 76114    0.13409   43  197    1.31448    0.13409  89.8%  62.1 2448s
 197906 76472    0.13409   86  118    1.31448    0.13409  89.8%  62.0 2453s
 198603 76658    0.13409   69  173    1.31448    0.13409  89.8%  62.0 2460s
 198948 77440    0.13409   57  181    1.31448    0.13409  89.8%  61.9 2471s
 200429 77603 infeasible   49         1.31448    0.13409  89.8%  61.8 2475s
 200774 77897    0.13409   62  187    1.31448    0.13409  89.8%  61.8 2480s
 201297 78045    0.33901  103  185    1.31448    0.13409  89.8%  61.8 2485s
 201696 78331    0.43778   66  107    1.31448    0.13409  89.8%  61.8 2490s
 202228 78660    0.27398   91  190    1.31448    0.13409  89.8%  61.7 2495s
 202818 79014    0.13409   95  140    1.31448    0.13409  89.8%  61.7 2500s
 203395 79270    0.13409   48  182    1.31448    0.13409  89.8%  61.6 2505s
 203874 79663    0.18792   68  117    1.31448    0.13409  89.8%  61.6 2511s
 204458 79780 infeasible  111         1.31448    0.13409  89.8%  61.5 2516s
 204767 80215 infeasible   51         1.31448    0.13409  89.8%  61.5 2523s
 205688 80485 infeasible   69         1.31448    0.13409  89.8%  61.4 2528s
 206343 80920    0.13409   73  122    1.31448    0.13409  89.8%  61.4 2533s
 206949 81259    0.13409   67  201    1.31448    0.13409  89.8%  61.3 2539s
 207752 81324    0.22892   72  186    1.31448    0.13409  89.8%  61.3 2543s
 207905 81720    0.13409   50  181    1.31448    0.13409  89.8%  61.3 2548s
 208622 82099 infeasible   92         1.31448    0.13409  89.8%  61.2 2554s
 209346 82484    0.71258   91  124    1.31448    0.13409  89.8%  61.2 2562s
 209948 82970    0.53444   87  132    1.31448    0.13409  89.8%  61.1 2570s
 211043 83325 infeasible   68         1.31448    0.13409  89.8%  61.1 2579s
 211736 83627    0.13409   58  186    1.31448    0.13409  89.8%  61.1 2584s
 212466 83774 infeasible   60         1.31448    0.13409  89.8%  61.0 2589s
 212777 83972    0.13409   48  142    1.31448    0.13409  89.8%  61.0 2594s
 213363 84105    0.13409   57  115    1.31448    0.13409  89.8%  61.0 2598s
 213650 84502    0.13409   58  182    1.31448    0.13409  89.8%  61.0 2603s
 214406 84731    0.14407   96  174    1.31448    0.13409  89.8%  61.0 2608s
 214770 85194    0.13409   87  159    1.31448    0.13409  89.8%  60.9 2614s
 215571 85333 infeasible   70         1.31448    0.13409  89.8%  60.9 2619s
 215839 85763    0.13409   75  189    1.31448    0.13409  89.8%  60.9 2624s
 216614 85949    0.13409   67  180    1.31448    0.13409  89.8%  60.8 2629s
 216968 86306     cutoff   77         1.31448    0.13409  89.8%  60.8 2635s
 218088 87083     cutoff  162         1.31448    0.13409  89.8%  60.7 2645s
 218884 87642    0.13409   72  176    1.31448    0.13409  89.8%  60.6 2651s
 219786 87851     cutoff  112         1.31448    0.13409  89.8%  60.6 2659s
 220249 88486     cutoff   51         1.31448    0.13409  89.8%  60.5 2669s
 221488 88578    0.67959   79  108    1.31448    0.13409  89.8%  60.5 2673s
 221685 89086    0.13409   50  183    1.31448    0.13409  89.8%  60.5 2680s
 222590 89215     cutoff   59         1.31448    0.13409  89.8%  60.4 2685s
 222993 89692    0.13409   49  193    1.31448    0.13409  89.8%  60.4 2691s
 223899 89735 infeasible   64         1.31448    0.13409  89.8%  60.3 2695s
 224051 90143    0.13409   54  175    1.31448    0.13409  89.8%  60.3 2700s
 224700 90561    0.21403   85  179    1.31448    0.13409  89.8%  60.3 2706s
 225491 90884    0.13409   75  192    1.31448    0.13409  89.8%  60.2 2710s
 226436 91562    0.45172   79  174    1.31448    0.13409  89.8%  60.2 2720s
 227801 92129    0.34580  100  170    1.31448    0.13409  89.8%  60.1 2729s
 228243 92616    0.13409   73  191    1.31448    0.13409  89.8%  60.1 2735s
 229376 93126    0.13409   59  195    1.31448    0.13409  89.8%  60.0 2745s
 229972 93545    0.13409   72   97    1.31448    0.13409  89.8%  60.0 2751s
 230722 93685    0.13409   73  145    1.31448    0.13409  89.8%  59.9 2759s
 231212 94319 infeasible   71         1.31448    0.13409  89.8%  59.9 2767s
 232426 94461    0.13409   66  127    1.31448    0.13409  89.8%  59.8 2771s
 232642 94853    0.13409   69  206    1.31448    0.13409  89.8%  59.8 2777s
 233348 95366    0.13409   54  192    1.31448    0.13409  89.8%  59.8 2782s
 234240 95507    0.54569   79  175    1.31448    0.13409  89.8%  59.7 2787s
 234503 96121    0.13409   53  174    1.31448    0.13409  89.8%  59.7 2792s
 235427 96262    0.13409   64  144    1.31448    0.13409  89.8%  59.6 2796s
 235651 96684    0.13409   98  126    1.31448    0.13409  89.8%  59.6 2801s
 236367 97095    0.23110   80  180    1.31448    0.13409  89.8%  59.6 2806s
 237085 97406    0.50616   94  174    1.31448    0.13409  89.8%  59.5 2811s
 237638 97491    0.13409   72  220    1.31448    0.13409  89.8%  59.5 2816s
H237730 94696                       1.0984296    0.13409  87.8%  59.5 2816s
 237802 95085    0.13409   56  189    1.09843    0.13409  87.8%  59.5 2821s
 238592 95184    0.13409   79  140    1.09843    0.13409  87.8%  59.5 2825s
 238775 95485    0.48680   85  149    1.09843    0.13409  87.8%  59.5 2830s
 239493 95655 infeasible   59         1.09843    0.13409  87.8%  59.4 2835s
 239893 96193    0.13409   59  176    1.09843    0.13409  87.8%  59.4 2840s
 240874 96599    0.13409   72  208    1.09843    0.13409  87.8%  59.4 2849s
 241567 97255    0.13409   65  197    1.09843    0.13409  87.8%  59.3 2857s
 242699 97307 infeasible   73         1.09843    0.13409  87.8%  59.2 2860s
 243335 98054    0.13409   71  135    1.09843    0.13409  87.8%  59.2 2869s
 244048 98282    0.98262  114  162    1.09843    0.13409  87.8%  59.1 2873s
 244598 98352    0.13409   64  189    1.09843    0.13409  87.8%  59.1 2877s
 244795 98672    0.13409   62  154    1.09843    0.13409  87.8%  59.1 2882s
 245354 99076     cutoff  105         1.09843    0.13409  87.8%  59.1 2887s
 246049 99162    0.24448  107  149    1.09843    0.13409  87.8%  59.0 2891s
 246229 99680    0.13409   59  197    1.09843    0.13409  87.8%  59.0 2895s
 247066 100121    0.13409   65  180    1.09843    0.13409  87.8%  59.0 2900s
 248042 100556    0.15896   85  158    1.09843    0.13409  87.8%  58.9 2907s
 248693 100838 infeasible   59         1.09843    0.13409  87.8%  58.8 2912s
 249250 101099    0.13409   69  168    1.09843    0.13409  87.8%  58.8 2916s
 249679 101354    0.13409   53  179    1.09843    0.13409  87.8%  58.8 2920s
 250168 101564    0.13409   43  197    1.09843    0.13409  87.8%  58.8 2925s
 250516 102048    0.48774   63  123    1.09843    0.13409  87.8%  58.8 2930s

Cutting planes:
  Gomory: 9
  Cover: 1
  Implied bound: 12
  Clique: 2
  MIR: 104
  Flow cover: 39
  Zero half: 1
  RLT: 8
  Relax-and-lift: 10

Explored 251397 nodes (14768623 simplex iterations) in 2930.57 seconds
Thread count was 8 (of 8 available processors)

Solution count 10: 1.09843 1.31448 1.31879 ... 6.48863

Solve interrupted
Best objective 1.098429563092e+00, best bound 1.340851293846e-01, gap 87.7930%
