
Gurobi 9.1.1 (win64, Matlab) logging started Wed May 19 17:08:21 2021

Gurobi Optimizer version 9.1.1 build v9.1.1rc0 (win64)
Thread count: 4 physical cores, 8 logical processors, using up to 8 threads
Optimize a model with 2478 rows, 1239 columns and 150378 nonzeros
Model fingerprint: 0x0a96e15f
Variable types: 639 continuous, 600 integer (600 binary)
Coefficient statistics:
  Matrix range     [2e-09, 4e+00]
  Objective range  [1e+00, 1e+00]
  Bounds range     [1e+00, 1e+00]
  RHS range        [4e-06, 4e+00]
Presolve removed 1008 rows and 488 columns
Presolve time: 0.29s
Presolved: 1470 rows, 751 columns, 86473 nonzeros
Variable types: 395 continuous, 356 integer (356 binary)

Root relaxation: objective 1.255265e-01, 6391 iterations, 1.55 seconds

    Nodes    |    Current Node    |     Objective Bounds      |     Work
 Expl Unexpl |  Obj  Depth IntInf | Incumbent    BestBd   Gap | It/Node Time

     0     0    0.12553    0  170          -    0.12553      -     -    2s
     0     0    0.12601    0  259          -    0.12601      -     -    4s
     0     0    0.12610    0  255          -    0.12610      -     -    4s
     0     0    0.12659    0  259          -    0.12659      -     -    5s
     0     0    0.12668    0  264          -    0.12668      -     -    5s
     0     0    0.12703    0  254          -    0.12703      -     -    6s
     0     0    0.12718    0  260          -    0.12718      -     -    6s
     0     0    0.12848    0  240          -    0.12848      -     -    7s
     0     0    0.12848    0  240          -    0.12848      -     -    7s
     0     0    0.12849    0  238          -    0.12849      -     -    8s
     0     0    0.12849    0  239          -    0.12849      -     -    8s
     0     0    0.12849    0  240          -    0.12849      -     -    9s
     0     0    0.12850    0  240          -    0.12850      -     -    9s
     0     0    0.12852    0  236          -    0.12852      -     -    9s
     0     0    0.12853    0  236          -    0.12853      -     -    9s
     0     0    0.12854    0  245          -    0.12854      -     -   10s
     0     0    0.12855    0  239          -    0.12855      -     -   10s
     0     0    0.12855    0  239          -    0.12855      -     -   10s
     0     0    0.12856    0  235          -    0.12856      -     -   10s
     0     0    0.15064    0  234          -    0.15064      -     -   11s
     0     0    0.15064    0  236          -    0.15064      -     -   11s
     0     0    0.15064    0  236          -    0.15064      -     -   12s
     0     0    0.15064    0  236          -    0.15064      -     -   12s
     0     0    0.15064    0  233          -    0.15064      -     -   12s
     0     0    0.15064    0  233          -    0.15064      -     -   12s
     0     0    0.15064    0  234          -    0.15064      -     -   13s
     0     0    0.15064    0  235          -    0.15064      -     -   13s
     0     0    0.15131    0  232          -    0.15131      -     -   13s
H    0     0                      34.2371399    0.15378   100%     -   16s
     0     0    0.15378    0  232   34.23714    0.15378   100%     -   16s
H    0     0                      10.5411225    0.15378  98.5%     -   22s
     0     2    0.15378    0  232   10.54112    0.15378  98.5%     -   23s
     3     8    0.97985    2  191   10.54112    0.15378  98.5%  2215   25s
    23    27    1.99586    5  185   10.54112    0.16773  98.4%  1335   30s
H   30    31                       9.9588256    0.16773  98.3%  1444   32s
H   33    31                       9.9588235    0.16773  98.3%  1331   32s
    40    43    2.30162    8  168    9.95882    0.16773  98.3%  1464   35s
    63    58    2.66247   12  181    9.95882    0.16773  98.3%  1255   41s
    91    84    2.63372   17  166    9.95882    0.16773  98.3%  1145   48s
    97    95    3.08464   17  178    9.95882    0.16773  98.3%  1109   50s
   138   129    2.71939   22  160    9.95882    0.16773  98.3%  1014   55s
   190   172    2.78652   28  162    9.95882    0.16773  98.3%   975   60s
H  244   192                       9.9588028    0.16773  98.3%   852   65s
H  246   192                       9.9578601    0.16773  98.3%   852   65s
H  248   192                       9.9518035    0.16773  98.3%   845   65s
H  281   212                       9.9217988    0.16773  98.3%   781   67s
   325   260    2.94902   53  133    9.92180    0.16773  98.3%   720   70s
   610   425 infeasible   98         9.92180    0.16773  98.3%   450   76s
   718   452 infeasible   63         9.92180    0.17934  98.2%   422   81s
   735   463    0.29674    5  225    9.92180    0.17934  98.2%   432   85s
H  795   486                       9.9205304    0.17934  98.2%   432   89s
H  797   486                       9.9111413    0.17934  98.2%   432   89s
H  798   486                       9.9011598    0.17934  98.2%   433   89s
   799   494    1.52985   11  155    9.90116    0.17934  98.2%   433   92s
   853   544    4.78907    6  204    9.90116    0.19836  98.0%   432   95s
  1006   609 infeasible   15         9.90116    0.19836  98.0%   423  106s
  1044   621    3.14464  105  232    9.90116    0.19836  98.0%   426  121s
  1046   622    3.53608  117  171    9.90116    0.19836  98.0%   425  129s
  1047   623    2.74076   20  171    9.90116    0.19836  98.0%   424  136s
  1050   628    0.53241   14  165    9.90116    0.19836  98.0%   433  141s
  1056   632    3.44963   16  135    9.90116    0.19836  98.0%   447  146s
  1078   645    5.59544   19  115    9.90116    0.19836  98.0%   448  150s
  1148   687 infeasible   28         9.90116    0.19836  98.0%   438  155s
  1222   728    5.01870   36  112    9.90116    0.19836  98.0%   425  160s
H 1247   698                       9.8992939    0.19836  98.0%   420  161s
  1306   699    5.27802   52  105    9.89929    0.19836  98.0%   410  165s
  1646   794    0.52290   46  133    9.89929    0.19836  98.0%   352  171s
  1800   848    0.74446   56  124    9.89929    0.19836  98.0%   331  175s
H 1895   867                       9.8914841    0.19836  98.0%   318  178s
  1944   895    2.95657   92   75    9.89148    0.19836  98.0%   312  180s
  2184   920    5.48777  145   69    9.89148    0.19836  98.0%   293  185s
  2420   995    0.99608  101   82    9.89148    0.19836  98.0%   282  190s
H 2458   957                       9.8900580    0.19836  98.0%   280  195s
H 2460   929                       9.8813649    0.19836  98.0%   280  195s
  2995  1162 infeasible   29         9.88136    0.19836  98.0%   256  200s
  3158  1291    0.74386   41  152    9.88136    0.19836  98.0%   248  206s
  3979  1710    1.50367  183   52    9.88136    0.19836  98.0%   210  213s
  4023  1792    0.42951   57   21    9.88136    0.19836  98.0%   209  216s
  4209  2107    1.17474   77  106    9.88136    0.19836  98.0%   203  220s
  4955  2706    0.52761   66  117    9.88136    0.19836  98.0%   181  225s
  5306  2840     cutoff  171         9.88136    0.19836  98.0%   172  232s
H 5460  2875                       9.8724215    0.19836  98.0%   168  234s
  5507  3003    0.20938   39  108    9.87242    0.19836  98.0%   168  236s
  6240  3415    0.70319   64  110    9.87242    0.19889  98.0%   159  240s
  6504  3565    0.92936   97   96    9.87242    0.19889  98.0%   159  245s
  7211  4060    1.01416  104  112    9.87242    0.20224  98.0%   150  250s
H 7359  4109                       9.8685742    0.20291  97.9%   149  254s
H 7404  4109                       9.8659286    0.20291  97.9%   149  254s
  7422  4538    0.83300   85  130    9.86593    0.20348  97.9%   149  256s
  8142  4690    0.71460   40  159    9.86593    0.20461  97.9%   141  261s
  8498  4870     cutoff   64         9.86593    0.20470  97.9%   140  266s
  8817  5032    1.78589   45  114    9.86593    0.20545  97.9%   139  274s
  9089  5120    0.27088   47  135    9.86593    0.20545  97.9%   138  277s
  9199  5521    0.71265   63  146    9.86593    0.20546  97.9%   137  281s
H 9964  5720                       9.8586525    0.20602  97.9%   132  288s
 10016  5812    2.18923   75  140    9.85865    0.20604  97.9%   133  291s
 10236  6086    1.61853   41  162    9.85865    0.20622  97.9%   134  305s
H10453  6086                       9.8573376    0.20622  97.9%   132  305s
 10602  6244 infeasible   42         9.85734    0.20642  97.9%   131  312s
 10934  7151    0.79632   82  103    9.85734    0.20721  97.9%   133  319s
H12261  7164                       9.8573370    0.20904  97.9%   127  324s
H12267  7164                       9.8555765    0.20904  97.9%   127  324s
H12275  7164                       9.8551296    0.20904  97.9%   127  324s
H12283  7164                       9.8496691    0.20904  97.9%   127  324s
 12331  7530    0.38882   54  113    9.84967    0.20925  97.9%   127  328s
 12913  7747    0.41640   50  108    9.84967    0.20957  97.9%   126  331s
 13883  8227    1.37876  115  133    9.84967    0.21064  97.9%   123  349s
H14013  8227                       9.8342956    0.21101  97.9%   123  349s
 14164  8362    1.22865   46  130    9.83430    0.21101  97.9%   123  353s
 14367  9052    1.98934   58  137    9.83430    0.21161  97.8%   122  357s
H15319  9053                       9.8097926    0.21256  97.8%   118  365s
H15321  9053                       9.7972715    0.21256  97.8%   118  365s
 15508  9229    0.79529   51  125    9.79727    0.21305  97.8%   119  371s
 15868  9364    2.50021   61  141    9.79727    0.21340  97.8%   120  375s
 16629  9567    0.69760   60  133    9.79727    0.21472  97.8%   119  408s
 16636  9663    0.69904   61  132    9.79727    0.21472  97.8%   119  411s
 16762  9890    1.26464   95  126    9.79727    0.21478  97.8%   119  415s
 17598 10321    0.81700   87  155    9.79727    0.21593  97.8%   118  422s
 17996 10517    0.89757   46  136    9.79727    0.21662  97.8%   118  426s
 18949 11116    0.84389   48  122    9.79727    0.21964  97.8%   116  433s
 19384 11342     cutoff   91         9.79727    0.22057  97.7%   116  436s
 20428 12055    0.59765   56  122    9.79727    0.22322  97.7%   114  442s
 20982 12056    0.52324   57  232    9.79727    0.22405  97.7%   114  643s
 20984 12057    0.22639   47  172    9.79727    0.22405  97.7%   114  652s
 20985 12058    0.66467   63  247    9.79727    0.22405  97.7%   114  655s
 20987 12059    1.04519   81  255    9.79727    0.22405  97.7%   114  662s
 20988 12060    2.27972   64  256    9.79727    0.22405  97.7%   114  666s
 20989 12061    0.86778   95  250    9.79727    0.22405  97.7%   114  673s
 20990 12061    4.36619   61  257    9.79727    0.22405  97.7%   114  678s
 20991 12062    0.41623   58  259    9.79727    0.22405  97.7%   114  686s
 20993 12063    1.50844  122  259    9.79727    0.22405  97.7%   114  690s
 20997 12066    1.26687   89  268    9.79727    0.22405  97.7%   114  697s
 20998 12067    0.89463   94  268    9.79727    0.22405  97.7%   114  700s
 21000 12068    2.11320  105  258    9.79727    0.22405  97.7%   114  711s
 21002 12069    0.23419   35  260    9.79727    0.22405  97.7%   114  716s
 21004 12071    1.18397   77  261    9.79727    0.22405  97.7%   114  720s
 21007 12073    0.58607   64  264    9.79727    0.22757  97.7%   114  726s
 21011 12075    0.50978   66  267    9.79727    0.22947  97.7%   114  732s
 21013 12077    2.08113   65  266    9.79727    0.23949  97.6%   114  738s
 21014 12077    0.93281  106  266    9.79727    0.23949  97.6%   114  743s
 21015 12078    0.48679   69  266    9.79727    0.23949  97.6%   114  745s
 21016 12082    0.23949   24  266    9.79727    0.23949  97.6%   114  751s
 21018 12085    0.42763   25  275    9.79727    0.23949  97.6%   115  759s
 21022 12088    0.43041   26  273    9.79727    0.23949  97.6%   115  765s
 21026 12090    3.59306   26  173    9.79727    0.23949  97.6%   115  770s
 21038 12098    0.45148   28  267    9.79727    0.23949  97.6%   115  776s
 21044 12100    0.60466   28  242    9.79727    0.23949  97.6%   115  780s
 21076 12120    1.91680   33  232    9.79727    0.23949  97.6%   116  788s
 21093 12135 infeasible   35         9.79727    0.23949  97.6%   116  790s
 21131 12142     cutoff   41         9.79727    0.23949  97.6%   116  795s
 21149 12140    2.29596   43  217    9.79727    0.23949  97.6%   117  800s
H21196 11545                       9.7961886    0.23949  97.6%   117  806s
H21197 10970                       9.7958710    0.23949  97.6%   117  806s
H21198 10424                       9.7847188    0.23949  97.6%   117  806s
 21241 10434    2.46067   57  200    9.78472    0.23949  97.6%   117  810s
 21266 10429    2.46863   60  198    9.78472    0.23949  97.6%   118  815s
H21268  9911                       9.7834215    0.23949  97.6%   118  815s
 21305  9948 infeasible   66         9.78342    0.23949  97.6%   118  820s
H21362  9441                       9.7719131    0.23949  97.5%   118  826s
H21400  8981                       9.7689252    0.23949  97.5%   118  830s
 21556  9093    0.23949   50  221    9.76893    0.23949  97.5%   118  835s
 21681  9100    0.23949   77  170    9.76893    0.23949  97.5%   118  881s
 21766  9260    0.27631  108  164    9.76893    0.23949  97.5%   118  885s
 21918  9254    0.31964  139  188    9.76893    0.23949  97.5%   117  891s
 22168  9399 infeasible   44         9.76893    0.23949  97.5%   117  898s
 22263  9493    2.43195   77  191    9.76893    0.23949  97.5%   117  901s
H22534  9033                       9.7563451    0.23949  97.5%   116  906s
 22689  9149    0.24540   81  179    9.75635    0.23949  97.5%   116  911s
 22808  9179 infeasible   96         9.75635    0.23949  97.5%   116  915s
 22998  9277    0.43733   39  189    9.75635    0.23949  97.5%   116  921s
 23302  9307 infeasible   51         9.75635    0.23949  97.5%   116  927s
 23430  9386    0.23949   59  195    9.75635    0.23949  97.5%   116  931s
 23818  9550 infeasible   57         9.75635    0.23949  97.5%   115  938s
 24025  9554    0.23949   35  227    9.75635    0.23949  97.5%   115  942s
 24267  9615    0.50721   67  198    9.75635    0.23949  97.5%   115  947s
 24536  9571    0.23949   43  238    9.75635    0.23949  97.5%   115  950s
 24995  9564    0.23949   47  203    9.75635    0.23949  97.5%   114  960s
H24997  9142                       9.7208471    0.23949  97.5%   114  960s
 25044  9394    0.23949   34  168    9.72085    0.23949  97.5%   114  967s
 25380  9501    0.47869   87  158    9.72085    0.23949  97.5%   113  971s
 25969  9744    0.23949   47  223    9.72085    0.23949  97.5%   112  977s
 26266  9943    0.23949   46  209    9.72085    0.23949  97.5%   111  982s
 26726 10195    0.23949   68  218    9.72085    0.23949  97.5%   110  987s
 27270 10149    1.69228   65  248    9.72085    0.23949  97.5%   109  992s
H27491  9677                       9.7208428    0.23949  97.5%   108 1056s
H27496  9299                       9.6825840    0.23949  97.5%   108 1059s
 27500  9340    0.23949   73  200    9.68258    0.23949  97.5%   108 1062s
 27565  9366    0.23949   84  214    9.68258    0.23949  97.5%   108 1065s
 27644  9644    0.45582   92  177    9.68258    0.23949  97.5%   108 1070s
 28126  9672    0.23949   49  198    9.68258    0.23949  97.5%   107 1076s
 28427  9844    0.23949   59  218    9.68258    0.23949  97.5%   106 1081s
 28852 10004    0.23949   46  214    9.68258    0.23949  97.5%   106 1087s
 29318  9893    0.25747   78  166    9.68258    0.23949  97.5%   105 1092s
 29458 10236    0.23949   71  211    9.68258    0.23949  97.5%   104 1099s
 30105 10464    3.17646   45  174    9.68258    0.23949  97.5%   103 1106s
H30848  9911                       9.6816478    0.23949  97.5%   102 1111s
H30894  9552                       9.6709581    0.23949  97.5%   102 1111s
H30910  9220                       9.5859187    0.23949  97.5%   102 1111s
 30940  9535 infeasible   67         9.58592    0.23949  97.5%   102 1119s
 31547  9857    0.32534   66  167    9.58592    0.23949  97.5%   101 1134s
 32355  9695    0.23949   55  189    9.58592    0.23949  97.5%   100 1140s
 32574 10214    0.23949   51  213    9.58592    0.23949  97.5%   100 1150s
 33550 10264 infeasible   75         9.58592    0.23949  97.5%  98.2 1156s
 34146 10454    0.24999   76  164    9.58592    0.23949  97.5%  97.3 1162s
 34782 10502    0.23949   60  200    9.58592    0.23949  97.5%  96.3 1168s
 35211 10654    0.23949   85  187    9.58592    0.23949  97.5%  95.8 1173s
 35588 10528 infeasible   98         9.58592    0.23949  97.5%  95.1 1176s
H35589 10217                       9.5689563    0.23949  97.5%  95.1 1176s
H35594  9920                       9.5400189    0.23949  97.5%  95.1 1176s
 35596 10365    0.26044   98  166    9.54002    0.23949  97.5%  95.1 1182s
 36245 10164    1.28911   68  107    9.54002    0.23949  97.5%  94.2 1185s
 36309 10320 infeasible   49         9.54002    0.23949  97.5%  94.2 1192s
 36689 10349 infeasible   84         9.54002    0.23949  97.5%  93.9 1198s
 37090 10358    0.23949   76  237    9.54002    0.23949  97.5%  93.7 1202s
 37334 10766    0.76002   97  239    9.54002    0.23949  97.5%  93.4 1207s
 37991 10936    0.31956   89  141    9.54002    0.23949  97.5%  92.4 1212s
 38575 10974    0.23949   43  171    9.54002    0.23949  97.5%  91.6 1215s
 38657 11155 infeasible   45         9.54002    0.23949  97.5%  91.6 1221s
 39084 11246    0.23949   51  203    9.54002    0.23949  97.5%  91.1 1226s
 39240 11834    0.23949   68  193    9.54002    0.23949  97.5%  90.9 1231s
 40042 11976 infeasible  108         9.54002    0.23949  97.5%  89.7 1235s
 40264 12274 infeasible   54         9.54002    0.23949  97.5%  89.5 1240s
 41155 12438    0.73381  100  236    9.54002    0.23949  97.5%  88.7 1257s
H41165 12438                       9.5191167    0.23949  97.5%  88.7 1257s
H41189 12438                       9.5002190    0.23949  97.5%  88.7 1257s
 41201 12494    0.45666  104  229    9.50022    0.23949  97.5%  88.6 1260s
 41336 12735 infeasible   48         9.50022    0.23949  97.5%  88.5 1265s
 41849 13476    0.23949   54  132    9.50022    0.23949  97.5%  88.0 1278s
 43029 13627    0.23949   91  182    9.50022    0.23949  97.5%  86.8 1281s
 43236 13838    0.23949   87  176    9.50022    0.23949  97.5%  86.6 1285s
 43878 14349    0.23949   69  200    9.50022    0.23949  97.5%  86.0 1294s
 44412 14609    1.08603   76  190    9.50022    0.23949  97.5%  85.5 1299s
 44839 15134 infeasible   90         9.50022    0.23949  97.5%  85.1 1304s
 45562 15177    0.46951   79  252    9.50022    0.23949  97.5%  84.3 1307s
 45680 15362    0.23949   51  219    9.50022    0.23949  97.5%  84.1 1312s
 46064 15723    1.06885   77  243    9.50022    0.23949  97.5%  83.9 1316s
 46612 16124    0.23949   68  194    9.50022    0.23949  97.5%  83.4 1321s
 47315 16451    0.23949   58  173    9.50022    0.23949  97.5%  82.7 1328s
 47692 16636    0.71460   95  140    9.50022    0.23949  97.5%  82.5 1332s
 48103 16824 infeasible   58         9.50022    0.23949  97.5%  82.3 1337s
 48442 16904 infeasible   71         9.50022    0.23949  97.5%  82.1 1340s
 48587 17270    0.23949   68  183    9.50022    0.23949  97.5%  82.0 1345s
 49627 17710    0.25405  113  184    9.50022    0.23949  97.5%  81.2 1353s
 49842 17951    0.23949   54  173    9.50022    0.23949  97.5%  81.1 1357s
 50218 18407    0.23949   55  201    9.50022    0.23949  97.5%  80.8 1362s
 50963 18478    0.23949   46  195    9.50022    0.23949  97.5%  80.1 1365s
 51110 18887    0.23949   56  166    9.50022    0.23949  97.5%  80.0 1371s
 51685 19071 infeasible  125         9.50022    0.23949  97.5%  79.5 1375s
 52262 19870     cutoff   74         9.50022    0.23949  97.5%  79.2 1391s
 53319 20264    0.23949   69  197    9.50022    0.23949  97.5%  78.6 1397s
 53893 20366    0.23949   56  190    9.50022    0.23949  97.5%  78.2 1401s
 54213 20366 infeasible   51         9.50022    0.23949  97.5%  78.1 1406s
H54214 20366                       9.4479852    0.23949  97.5%  78.1 1406s
H54216 20366                       9.4102117    0.23949  97.5%  78.1 1406s
 54341 20600    0.23949   80  169    9.41021    0.23949  97.5%  78.1 1414s
 54713 20695 infeasible   47         9.41021    0.23949  97.5%  78.0 1418s
 54914 20960    0.26030   67  260    9.41021    0.23949  97.5%  78.0 1423s
 55365 21101    0.48007   86  138    9.41021    0.23949  97.5%  77.8 1427s
 55628 21272    0.23949   72  179    9.41021    0.23949  97.5%  77.7 1432s
 56003 21643    0.30301   54  114    9.41021    0.23949  97.5%  77.6 1437s
 56632 21759    3.73776   59  129    9.41021    0.23949  97.5%  77.3 1441s
 56822 22090    0.23949   56  196    9.41021    0.23949  97.5%  77.2 1446s
 57357 22141 infeasible   55         9.41021    0.23949  97.5%  76.9 1451s
 57486 22377    0.33578   60  137    9.41021    0.23949  97.5%  76.9 1456s
 57881 22676 infeasible   66         9.41021    0.23949  97.5%  76.7 1461s
 58437 22901    0.23949   50  179    9.41021    0.23949  97.5%  76.4 1465s
H58785 22901                       9.3701245    0.23949  97.4%  76.2 1481s
H58788 22901                       9.3496069    0.23949  97.4%  76.2 1481s
H58789 22901                       9.2429349    0.23949  97.4%  76.2 1481s
 58836 23234    0.23949   58  193    9.24293    0.23949  97.4%  76.2 1490s
 59300 23707     cutoff   58         9.24293    0.23949  97.4%  76.0 1496s
 60237 24206    0.23949   70  198    9.24293    0.23949  97.4%  75.4 1504s
 60795 24443    0.23949   61  154    9.24293    0.23949  97.4%  75.1 1510s
 61227 24922 infeasible   90         9.24293    0.23949  97.4%  75.0 1515s
 62197 25403    0.23949   77  169    9.24293    0.23949  97.4%  74.4 1524s
 62746 25597 infeasible   56         9.24293    0.23949  97.4%  74.1 1534s
 63138 25853    0.58624   73  138    9.24293    0.23949  97.4%  74.0 1542s
 63652 26060    2.15890   77  187    9.24293    0.23949  97.4%  73.9 1549s
 64077 26347    0.23949   46  202    9.24293    0.23949  97.4%  73.9 1558s
 64770 26552    0.23949   53  214    9.24293    0.23949  97.4%  73.9 1565s
 65214 26644 infeasible  140         9.24293    0.23949  97.4%  73.8 1571s
 65426 26734 infeasible   88         9.24293    0.23949  97.4%  73.8 1577s
 65706 26736    1.12877   95  115    9.24293    0.23949  97.4%  73.8 1622s
H65707 26736                       9.2429331    0.23949  97.4%  73.8 1622s
 65712 26765     cutoff   96         9.24293    0.23949  97.4%  73.8 1627s
 65836 26815    0.23949   53  197    9.24293    0.23949  97.4%  73.8 1632s
 65916 27179    0.37847   71  207    9.24293    0.23949  97.4%  73.8 1641s
 66565 27490 infeasible   63         9.24293    0.23949  97.4%  73.7 1649s
*66889 27036             108       3.5564641    0.23949  93.3%  73.5 1649s
 67291 27170    1.24326   82   90    3.55646    0.23949  93.3%  73.5 1655s
 67549 27450 infeasible   54         3.55646    0.23949  93.3%  73.4 1664s
 68172 27797 infeasible   56         3.55646    0.23949  93.3%  73.2 1671s
 68795 27957    0.26007  113  205    3.55646    0.23949  93.3%  73.0 1677s
 69069 28456    0.46607   78  134    3.55646    0.23949  93.3%  72.9 1685s
 69894 28808    0.23949   50  179    3.55646    0.23949  93.3%  72.6 1692s
 70450 29220    0.23949   44  206    3.55646    0.23949  93.3%  72.4 1699s
 71177 29318    1.33235   50   87    3.55646    0.23949  93.3%  72.1 1705s
 71399 29766     cutoff   79         3.55646    0.23949  93.3%  72.1 1712s
 72145 30198    0.23949   72  189    3.55646    0.23949  93.3%  71.8 1719s
 72804 30337    0.47102   75  212    3.55646    0.23949  93.3%  71.6 1723s
 73129 30656    0.23949   51  184    3.55646    0.23949  93.3%  71.5 1733s
 73721 31065    0.23949   72  226    3.55646    0.23949  93.3%  71.3 1740s
 74627 31452    0.46580   88  167    3.55646    0.23949  93.3%  71.0 1749s
 75159 31719    0.23949   66  208    3.55646    0.23949  93.3%  70.8 1755s
 76103 31980    0.23949   62  209    3.55646    0.23949  93.3%  70.6 1764s
 76250 32124     cutoff   81         3.55646    0.23949  93.3%  70.6 1769s
 76729 32391    0.23949   78  183    3.55646    0.23949  93.3%  70.5 1774s
 77300 32423     cutoff   89         3.55646    0.23949  93.3%  70.4 1778s
 77391 32761    0.23949   54  186    3.55646    0.23949  93.3%  70.4 1783s
 77978 32923 infeasible   64         3.55646    0.23949  93.3%  70.2 1789s
 78431 33371 infeasible   85         3.55646    0.23949  93.3%  70.1 1794s
 79134 33431 infeasible   51         3.55646    0.23949  93.3%  69.8 1798s
 79256 33725 infeasible   58         3.55646    0.23949  93.3%  69.8 1803s
H79760 33287                       2.9807902    0.23949  92.0%  69.7 1808s
 80173 33386    0.23949   64  172    2.98079    0.23949  92.0%  69.5 1812s
 80403 33545    0.23949   53  199    2.98079    0.23949  92.0%  69.4 1817s
 80694 33686    0.63126   59  210    2.98079    0.23949  92.0%  69.4 1821s
 80899 33969    0.98465   74  200    2.98079    0.23949  92.0%  69.3 1827s
 81443 34019    0.23949   45  138    2.98079    0.23949  92.0%  69.2 1831s
 81575 34377 infeasible   49         2.98079    0.23949  92.0%  69.2 1837s
 82166 34499    0.23949   76  202    2.98079    0.23949  92.0%  69.0 1841s
 82369 34881    0.98766   91  216    2.98079    0.23949  92.0%  68.9 1846s
 82976 34963    0.23949   56  181    2.98079    0.23949  92.0%  68.7 1850s
 83189 35014 infeasible   62         2.98079    0.23949  92.0%  68.7 1855s
 83351 35395    0.23949   54  192    2.98079    0.23949  92.0%  68.7 1866s
 84053 35456    0.37200   69  145    2.98079    0.23949  92.0%  68.6 1870s
 84203 35706    0.64636   71  167    2.98079    0.23949  92.0%  68.6 1876s
 84724 36046     cutoff   63         2.98079    0.23949  92.0%  68.5 1882s
 85425 36214    0.23949   70  153    2.98079    0.23949  92.0%  68.3 1887s
 85836 36219    0.58975   87  197    2.98079    0.23949  92.0%  68.3 1892s
 85883 36503    0.23949   61  205    2.98079    0.23949  92.0%  68.3 1898s
 86397 36765    0.23949   71  144    2.98079    0.23949  92.0%  68.3 1903s
 86854 36922    0.24735   72  200    2.98079    0.23949  92.0%  68.2 1909s
 87133 37224    0.23949   75  158    2.98079    0.23949  92.0%  68.1 1914s
 87635 37452    0.27166   67  249    2.98079    0.23949  92.0%  68.0 1919s
 87980 37856    0.23949   52  194    2.98079    0.23949  92.0%  67.8 1925s
 88597 38008    0.23949   67  132    2.98079    0.23949  92.0%  67.7 1930s
 88866 38186    0.23949   69  207    2.98079    0.23949  92.0%  67.6 1936s
 89331 38263 infeasible   48         2.98079    0.23949  92.0%  67.5 1940s
 89514 38397    0.35457   60  168    2.98079    0.23949  92.0%  67.6 1945s
 89853 38569     cutoff   80         2.98079    0.23949  92.0%  67.6 1950s
 90252 38883 infeasible   68         2.98079    0.23949  92.0%  67.5 1957s
 90867 39011    0.23949   61  185    2.98079    0.23949  92.0%  67.4 1961s
 91082 39195    0.23949   45  215    2.98079    0.23949  92.0%  67.4 1967s
 91563 39299    0.82266  135  186    2.98079    0.23949  92.0%  67.3 1972s
 91787 39506    0.48895   67  167    2.98079    0.23949  92.0%  67.3 1978s
 92093 39665 infeasible   56         2.98079    0.23949  92.0%  67.2 1984s
 92592 39698 infeasible   71         2.98079    0.23949  92.0%  67.2 1988s
 92649 39968    0.51887   76  223    2.98079    0.23949  92.0%  67.2 1994s
 93228 40187    0.24732   72  145    2.98079    0.23949  92.0%  67.1 2000s
 93685 40446    1.01329  101  219    2.98079    0.23949  92.0%  67.1 2010s
 94175 40695    0.24719  102  208    2.98079    0.23949  92.0%  67.0 2019s
 94804 40748    0.96292   52  145    2.98079    0.23949  92.0%  67.0 2024s
 94949 41188    0.23949   57  207    2.98079    0.23949  92.0%  67.0 2033s
 95714 41523    0.33977   71  142    2.98079    0.23949  92.0%  66.9 2040s
 96410 41765    0.84775   94  218    2.98079    0.23949  92.0%  66.8 2046s
 96922 41834    0.23987   70  166    2.98079    0.23949  92.0%  66.7 2051s
 97201 42131     cutoff  137         2.98079    0.23949  92.0%  66.6 2057s
 97847 42356 infeasible   59         2.98079    0.23949  92.0%  66.5 2064s
 98352 42415    0.25561   72  193    2.98079    0.23949  92.0%  66.5 2067s
 98515 42552     cutoff   79         2.98079    0.23949  92.0%  66.5 2073s
 98908 42636    0.23949   61  199    2.98079    0.23949  92.0%  66.5 2079s
 99127 42891    0.23949   53  159    2.98079    0.23949  92.0%  66.5 2085s
*99537 42074             217       2.5937649    0.23949  90.8%  66.4 2085s
 99912 42446    0.24762   71  200    2.59376    0.23949  90.8%  66.3 2090s
 100549 42750    1.09035   64  163    2.59376    0.23949  90.8%  66.2 2099s
 101039 42904    0.23949   66  185    2.59376    0.23949  90.8%  66.1 2103s
 101291 43213    0.23949   61  186    2.59376    0.23949  90.8%  66.1 2109s
 101835 43318    0.23949   66  176    2.59376    0.23949  90.8%  66.0 2113s
 102010 43629    0.23949   65  201    2.59376    0.23949  90.8%  66.0 2119s
 102539 43817    0.23949   67  179    2.59376    0.23949  90.8%  65.9 2125s
 103064 44085    0.56345   65  203    2.59376    0.23949  90.8%  65.8 2131s
 103468 44350 infeasible   52         2.59376    0.23949  90.8%  65.8 2137s
 103970 44568    0.81456   63  146    2.59376    0.23949  90.8%  65.7 2145s
 104362 45082    0.23949   69  155    2.59376    0.23949  90.8%  65.6 2155s
 105596 45466    0.23949   70  219    2.59376    0.23949  90.8%  65.4 2165s
 106023 45780    0.23949   71  213    2.59376    0.23949  90.8%  65.4 2171s
 106666 45848     cutoff   87         2.59376    0.23949  90.8%  65.3 2175s
 106834 46129    0.23949   57  179    2.59376    0.23949  90.8%  65.3 2181s
 107447 46535    0.23949   80  187    2.59376    0.23949  90.8%  65.2 2187s
*107683 45664             310       2.3146779    0.23949  89.7%  65.1 2187s
 108029 45922    0.23949   88  203    2.31468    0.23949  89.7%  65.0 2193s
 108507 46001     cutoff   43         2.31468    0.23949  89.7%  65.0 2197s
 108664 46385    0.23949   65  193    2.31468    0.23949  89.7%  64.9 2203s
 109334 46614    1.54875   76   60    2.31468    0.23949  89.7%  64.9 2209s
 109823 46740    0.23949   65  207    2.31468    0.23949  89.7%  64.8 2213s
 110063 46978 infeasible  105         2.31468    0.23949  89.7%  64.8 2219s
 110532 47132    0.23949   58  142    2.31468    0.23949  89.7%  64.7 2224s
 110753 47589    0.23949   90  206    2.31468    0.23949  89.7%  64.7 2230s
 111500 47760    1.93831   64   97    2.31468    0.23949  89.7%  64.5 2236s
 111881 47807    0.23949   56  213    2.31468    0.23949  89.7%  64.5 2240s
 111962 48177    0.24817   69  220    2.31468    0.23949  89.7%  64.5 2245s
 112608 48408 infeasible   60         2.31468    0.23949  89.7%  64.4 2251s
 113171 48423    0.32763   60  199    2.31468    0.23949  89.7%  64.4 2255s
 113275 48684    0.23949   67  175    2.31468    0.23949  89.7%  64.4 2260s
 113926 49012    0.23949   82  192    2.31468    0.23949  89.7%  64.2 2270s
 114417 49390    0.23949   57  190    2.31468    0.23949  89.7%  64.2 2280s
 115371 49775 infeasible   63         2.31468    0.23949  89.7%  64.1 2288s
 115909 49953     cutoff   92         2.31468    0.23949  89.7%  64.1 2293s
 116289 50110    0.24253   87  217    2.31468    0.23949  89.7%  64.0 2297s
 116563 50463    0.23949   72  192    2.31468    0.23949  89.7%  63.9 2302s
*116988 48193             156       1.7976212    0.23949  86.7%  63.9 2302s
 117159 48523     cutoff   82         1.79762    0.23949  86.7%  63.9 2307s
 117705 48636    0.41698   64  194    1.79762    0.23949  86.7%  63.8 2311s
 117897 49083    0.23949   65  206    1.79762    0.23949  86.7%  63.7 2316s
 118653 49333 infeasible   59         1.79762    0.23949  86.7%  63.5 2323s
 119078 49559    0.29411   78  114    1.79762    0.23949  86.7%  63.5 2327s
 119402 49933    0.23949   63  187    1.79762    0.23949  86.7%  63.4 2332s
 120005 50018    0.23949   90  185    1.79762    0.23949  86.7%  63.3 2336s
 120217 50377 infeasible   59         1.79762    0.23949  86.7%  63.2 2341s
 120808 50499    0.39466   92  213    1.79762    0.23949  86.7%  63.1 2345s
 121085 50629    0.23949   55  181    1.79762    0.23949  86.7%  63.1 2350s
 121729 50863    0.23949   69  175    1.79762    0.23949  86.7%  63.1 2359s
 121928 51262    0.23949   71  182    1.79762    0.23949  86.7%  63.1 2364s
 122563 51315 infeasible   59         1.79762    0.23949  86.7%  63.0 2368s
 122654 51617    0.23949   58  218    1.79762    0.23949  86.7%  63.0 2373s
 123147 51936     cutoff   70         1.79762    0.23949  86.7%  62.9 2379s
 123678 52162    0.31792   71  178    1.79762    0.23949  86.7%  62.8 2385s
 124272 52541    0.23949   73  186    1.79762    0.23949  86.7%  62.8 2394s
 124814 52829    0.27396   80  211    1.79762    0.23949  86.7%  62.7 2403s
 125329 52938     cutoff   64         1.79762    0.23949  86.7%  62.7 2409s
 125693 53487    0.23949   88  217    1.79762    0.23949  86.7%  62.7 2417s
 126648 53622 infeasible   58         1.79762    0.23949  86.7%  62.5 2421s
 126812 53859    1.00224  104  155    1.79762    0.23949  86.7%  62.4 2427s
 127339 54159 infeasible   69         1.79762    0.23949  86.7%  62.4 2433s
 127915 54636     cutoff  105         1.79762    0.23949  86.7%  62.3 2439s
 128619 54786    0.26934   81  227    1.79762    0.23949  86.7%  62.2 2444s
 128856 55228    0.23949   58  216    1.79762    0.23949  86.7%  62.2 2449s
 129514 55411     cutoff   74         1.79762    0.23949  86.7%  62.1 2455s
H129971 53603                       1.5100353    0.23949  84.1%  62.0 2459s
H129975 53151                       1.4403243    0.23949  83.4%  62.0 2459s
H129981 51876                       1.2556635    0.23949  80.9%  62.0 2459s
 129987 51931    0.23949   42  205    1.25566    0.23949  80.9%  62.0 2463s
 130173 52084    0.23949   64  176    1.25566    0.23949  80.9%  62.0 2468s
 130562 52337     cutoff   62         1.25566    0.23949  80.9%  62.0 2473s
 131063 52421    0.23949   64  176    1.25566    0.23949  80.9%  62.0 2477s
 131242 52645    0.23949   70  185    1.25566    0.23949  80.9%  62.0 2484s
 131729 52720 infeasible   63         1.25566    0.23949  80.9%  62.0 2488s
 131899 53043    1.12163   58  166    1.25566    0.23949  80.9%  62.0 2494s
 132499 53209    0.24835   46  160    1.25566    0.23949  80.9%  61.9 2499s
 132770 53475 infeasible   58         1.25566    0.23949  80.9%  61.9 2504s
 133236 53604    0.47544   68  191    1.25566    0.23949  80.9%  61.8 2509s
 133525 53927    0.23949   68  183    1.25566    0.23949  80.9%  61.8 2515s
 134135 54076    0.25752  107  139    1.25566    0.23949  80.9%  61.7 2520s
 134337 54569    1.23957  119  146    1.25566    0.23949  80.9%  61.7 2526s
 135084 54867    0.23949   81  195    1.25566    0.23949  80.9%  61.6 2534s
 135652 55045    0.23949   69  172    1.25566    0.23949  80.9%  61.5 2540s
 135969 55631    0.23949   63  174    1.25566    0.23949  80.9%  61.5 2549s
 136936 55753 infeasible   70         1.25566    0.23949  80.9%  61.3 2554s
 137128 56038    0.23949   71  193    1.25566    0.23949  80.9%  61.3 2560s
 137674 56299    0.35046   52  144    1.25566    0.23949  80.9%  61.2 2566s
 138235 56429     cutoff   90         1.25566    0.23949  80.9%  61.2 2572s
 138455 56849     cutoff  104         1.25566    0.23949  80.9%  61.2 2578s
 139166 57171    0.23949   73  172    1.25566    0.23949  80.9%  61.1 2583s
*139383 57103             288       1.2453385    0.23949  80.8%  61.0 2583s
 139626 57142    0.78172   89  235    1.24534    0.23949  80.8%  61.0 2588s
 139776 57588    0.23949   64  190    1.24534    0.23949  80.8%  61.0 2594s
 140481 57826    0.74455   52  177    1.24534    0.23949  80.8%  60.9 2600s
 141141 58270    0.23949   60  207    1.24534    0.23949  80.8%  60.8 2610s
 141736 58380 infeasible   69         1.24534    0.23949  80.8%  60.7 2615s
 141956 58745    0.23949   73  140    1.24534    0.23949  80.8%  60.7 2621s
 142575 58839    0.74331   71  135    1.24534    0.23949  80.8%  60.6 2626s
 142731 59091    0.91078  103  167    1.24534    0.23949  80.8%  60.6 2632s
 143315 59310    0.27456   91  216    1.24534    0.23949  80.8%  60.6 2637s
 143788 59566    0.23949   59  198    1.24534    0.23949  80.8%  60.6 2643s
 144225 59758 infeasible   54         1.24534    0.23949  80.8%  60.6 2648s
 144572 60007    0.23949   58  143    1.24534    0.23949  80.8%  60.5 2654s
 145129 60104    1.16701   67  206    1.24534    0.23949  80.8%  60.5 2658s
 145285 60425    0.23949   58  214    1.24534    0.23949  80.8%  60.5 2668s
 146016 60711    0.23949   73  159    1.24534    0.23949  80.8%  60.4 2673s
 146517 60806    0.23949   67  220    1.24534    0.23949  80.8%  60.4 2677s
 146674 61106    0.97696  108  201    1.24534    0.23949  80.8%  60.4 2683s
 147257 61400    1.02395   79  159    1.24534    0.23949  80.8%  60.3 2689s
*147500 59595             194       1.0469556    0.23949  77.1%  60.3 2689s
 147837 59630    0.23949   86  188    1.04696    0.23949  77.1%  60.3 2693s
 147999 59894     cutoff   80         1.04696    0.23949  77.1%  60.3 2698s
 148595 60112    0.25524   69  195    1.04696    0.23949  77.1%  60.2 2703s
 149019 60311    0.63494   92   87    1.04696    0.23949  77.1%  60.2 2708s
 149342 60605    0.23949   60  168    1.04696    0.23949  77.1%  60.1 2714s
 149976 60752    0.23949   70  164    1.04696    0.23949  77.1%  60.1 2718s
 150242 61083    0.23949   72  186    1.04696    0.23949  77.1%  60.1 2724s
 150894 61225    0.38954   91  226    1.04696    0.23949  77.1%  60.0 2728s
 151172 61542    0.23949   58  224    1.04696    0.23949  77.1%  60.0 2734s
 151784 61852    0.27465   69  176    1.04696    0.23949  77.1%  59.9 2741s
 152403 61896    0.23949   83  130    1.04696    0.23949  77.1%  59.9 2745s
 152486 62177    0.30295   85  173    1.04696    0.23949  77.1%  59.9 2751s
 153079 62483    0.23949   72  199    1.04696    0.23949  77.1%  59.9 2757s
 153666 62613    0.26594   79  168    1.04696    0.23949  77.1%  59.9 2761s
 153869 62906    0.29449   74  225    1.04696    0.23949  77.1%  59.8 2766s
 154469 63264 infeasible   70         1.04696    0.23949  77.1%  59.8 2772s
 155146 63321    0.23949   80  206    1.04696    0.23949  77.1%  59.7 2776s
 155252 63657    0.23949   79  167    1.04696    0.23949  77.1%  59.7 2782s
 155842 64125    0.31718   68  231    1.04696    0.23949  77.1%  59.7 2792s
 156697 64173 infeasible   60         1.04696    0.23949  77.1%  59.6 2795s
 156759 64533    0.23949   65  131    1.04696    0.23949  77.1%  59.6 2801s
 157398 64814    0.23949   65  168    1.04696    0.23949  77.1%  59.5 2806s
 157911 64871     cutoff   78         1.04696    0.23949  77.1%  59.5 2811s
 158125 65069    0.23949   43  184    1.04696    0.23949  77.1%  59.5 2816s
 158467 65247    0.23949   56  151    1.04696    0.23949  77.1%  59.5 2821s
 158839 65513    0.23949   52  174    1.04696    0.23949  77.1%  59.5 2826s
 159346 65644    0.23949   59  179    1.04696    0.23949  77.1%  59.5 2832s
 159667 65970    0.23949   60  184    1.04696    0.23949  77.1%  59.5 2838s
 160302 66100 infeasible   51         1.04696    0.23949  77.1%  59.4 2842s
 160546 66492    0.80651   94  195    1.04696    0.23949  77.1%  59.4 2849s
 161232 66753    0.30041   81  207    1.04696    0.23949  77.1%  59.3 2855s
 161746 66863    0.23949   69  176    1.04696    0.23949  77.1%  59.3 2860s
 161947 67232    0.39213  111  134    1.04696    0.23949  77.1%  59.3 2866s
 162621 67459    0.23949   63  211    1.04696    0.23949  77.1%  59.2 2872s
 163163 67582 infeasible   54         1.04696    0.23949  77.1%  59.2 2877s
 163393 67943    0.23949   62  187    1.04696    0.23949  77.1%  59.2 2884s
 164074 68222    0.30875   90  204    1.04696    0.23949  77.1%  59.2 2890s
 164707 68344    0.31493   69  235    1.04696    0.23949  77.1%  59.1 2895s
 164988 68584     cutoff   64         1.04696    0.23949  77.1%  59.1 2901s
 165406 68792    0.23949   62  215    1.04696    0.23949  77.1%  59.1 2906s
 165882 68882    0.37402   97  157    1.04696    0.23949  77.1%  59.1 2911s
 166133 69324    0.23949   81  201    1.04696    0.23949  77.1%  59.1 2921s
 166967 69451     cutoff   80         1.04696    0.23949  77.1%  59.0 2925s
 167169 69714    0.64442   65  216    1.04696    0.23949  77.1%  59.0 2930s
 167717 69821    0.23949   62  141    1.04696    0.23949  77.1%  59.0 2935s
 168037 69935    0.23949   69  185    1.04696    0.23949  77.1%  59.0 2940s
 168293 70243    0.23949   92  183    1.04696    0.23949  77.1%  59.0 2946s
H168499 69379                       0.9743497    0.23949  75.4%  59.0 2946s
 168805 69489    0.62430   68  176    0.97435    0.23949  75.4%  58.9 2951s
 169029 69840    0.23949   62  175    0.97435    0.23949  75.4%  58.9 2958s
 169724 70030    0.23949   77  223    0.97435    0.23949  75.4%  58.9 2964s
 170136 70151    0.23949   60  206    0.97435    0.23949  75.4%  58.9 2969s
 170329 70439 infeasible   67         0.97435    0.23949  75.4%  58.9 2977s
 170974 70691    0.23949   56  189    0.97435    0.23949  75.4%  58.9 2983s
 171446 70831     cutoff   65         0.97435    0.23949  75.4%  58.9 2988s
 171728 71123    0.23949   70  216    0.97435    0.23949  75.4%  58.9 2995s
 172323 71308 infeasible   78         0.97435    0.23949  75.4%  58.9 3000s
 172639 71822    0.23949  100  169    0.97435    0.23949  75.4%  58.8 3007s
 173514 72065    0.62469   96  225    0.97435    0.23949  75.4%  58.7 3014s
 174082 72117    0.96967   81  191    0.97435    0.23949  75.4%  58.7 3019s
 174269 72468 infeasible   60         0.97435    0.23949  75.4%  58.7 3026s
 174993 72872 infeasible   91         0.97435    0.23949  75.4%  58.7 3032s
 175730 72909    0.23949   80  142    0.97435    0.23949  75.4%  58.6 3038s
 175911 73175    0.23949   60  213    0.97435    0.23949  75.4%  58.6 3045s
 176529 73488    0.33103   87  180    0.97435    0.23949  75.4%  58.6 3054s
 177203 73613    0.23949   71  193    0.97435    0.23949  75.4%  58.6 3059s
 177445 74097    0.23949   60  135    0.97435    0.23949  75.4%  58.6 3067s
 178309 74110    0.89891  118  167    0.97435    0.23949  75.4%  58.5 3071s
 178375 74491     cutoff   53         0.97435    0.23949  75.4%  58.5 3077s
 179079 74755    0.23949   81  175    0.97435    0.23949  75.4%  58.5 3083s
 179656 74947    0.57943   99  188    0.97435    0.23949  75.4%  58.5 3089s
 180078 75150    0.51121   79  251    0.97435    0.23949  75.4%  58.4 3094s
 180418 75417    0.23949   64  193    0.97435    0.23949  75.4%  58.4 3100s
 181013 75516    0.23949   72  172    0.97435    0.23949  75.4%  58.4 3106s
 181236 75817    0.23949   66  193    0.97435    0.23949  75.4%  58.4 3112s
 181822 75935    0.23949   73  130    0.97435    0.23949  75.4%  58.4 3117s
 182074 76216    0.23949   76  221    0.97435    0.23949  75.4%  58.4 3124s
 182732 76415    0.43434   63  129    0.97435    0.23949  75.4%  58.4 3129s
 183124 76668    0.23949   61  203    0.97435    0.23949  75.4%  58.3 3135s
 183605 76852    0.23949   55  165    0.97435    0.23949  75.4%  58.3 3141s
 184097 77082    0.46312   66  195    0.97435    0.23949  75.4%  58.3 3146s
 184459 77398    0.23949   75  144    0.97435    0.23949  75.4%  58.3 3153s
 185067 77888    0.23949   74  178    0.97435    0.23949  75.4%  58.2 3160s
 185836 77904    0.23949   49  138    0.97435    0.23949  75.4%  58.2 3165s
 185989 78380    0.23949   65  171    0.97435    0.23949  75.4%  58.2 3172s
 186796 78651    0.39688   73  235    0.97435    0.23949  75.4%  58.1 3182s
 187469 78676    0.30542   58  162    0.97435    0.23949  75.4%  58.1 3186s
 187554 79010    0.79498   71  164    0.97435    0.23949  75.4%  58.2 3194s
 188281 79384 infeasible   61         0.97435    0.23949  75.4%  58.2 3201s
 188955 79514    0.52883   80  227    0.97435    0.23949  75.4%  58.1 3206s
 189271 79794    0.23949   59  197    0.97435    0.23949  75.4%  58.1 3213s
 189960 79907    0.23949   69  188    0.97435    0.23949  75.4%  58.1 3217s
 190153 80251 infeasible   64         0.97435    0.23949  75.4%  58.1 3224s
 190839 80549    0.23949   77  205    0.97435    0.23949  75.4%  58.0 3230s
 191421 80660    0.57290   84  181    0.97435    0.23949  75.4%  58.0 3235s
 191626 81070    0.23949   66  168    0.97435    0.23949  75.4%  58.0 3241s
 192378 81288    0.23949   56  222    0.97435    0.23949  75.4%  58.0 3247s
 192934 81383    0.23949   67  181    0.97435    0.23949  75.4%  57.9 3251s
 193077 81618    0.23949   80  211    0.97435    0.23949  75.4%  57.9 3258s
 193679 82059     cutoff   91         0.97435    0.23949  75.4%  57.9 3264s
 194460 82232    0.43201   68  224    0.97435    0.23949  75.4%  57.9 3270s
 194773 82669    0.23949   75  175    0.97435    0.23949  75.4%  57.9 3277s
 195481 82701    0.70525   69  220    0.97435    0.23949  75.4%  57.8 3282s
 195636 83002    0.23949   78  205    0.97435    0.23949  75.4%  57.8 3289s
 196261 83152    0.44622  106  201    0.97435    0.23949  75.4%  57.8 3294s
 196533 83544    0.23949   58  181    0.97435    0.23949  75.4%  57.8 3301s
 197163 84032    0.23949   90  154    0.97435    0.23949  75.4%  57.7 3311s
 198024 84098    0.23949   88  179    0.97435    0.23949  75.4%  57.7 3315s
 198156 84421    0.23949   78  177    0.97435    0.23949  75.4%  57.7 3322s
 198823 84648 infeasible   76         0.97435    0.23949  75.4%  57.7 3327s
 199371 84978    0.23949   67  165    0.97435    0.23949  75.4%  57.6 3334s
 199972 85066    0.23949   63  212    0.97435    0.23949  75.4%  57.6 3339s
 200124 85332 infeasible   61         0.97435    0.23949  75.4%  57.6 3345s
 200687 85522 infeasible   63         0.97435    0.23949  75.4%  57.6 3350s
 200992 85720    0.66397   63  183    0.97435    0.23949  75.4%  57.5 3356s
 201501 86073    0.25745   72  162    0.97435    0.23949  75.4%  57.5 3363s
 202142 86140     cutoff   77         0.97435    0.23949  75.4%  57.5 3366s
 202250 86462    0.23949   83  186    0.97435    0.23949  75.4%  57.5 3373s
 202851 86735    0.24166   87  219    0.97435    0.23949  75.4%  57.5 3379s
H203378 83233                       0.7633246    0.23949  68.6%  57.5 3384s
 203701 83297    0.23949   70  190    0.76332    0.23949  68.6%  57.5 3389s
 203845 83602    0.23949   59  208    0.76332    0.23949  68.6%  57.5 3395s
 204463 83953    0.27289   74  183    0.76332    0.23949  68.6%  57.5 3403s
 205122 83999    0.23949   56  209    0.76332    0.23949  68.6%  57.4 3407s
 205224 84352    0.23949   60  218    0.76332    0.23949  68.6%  57.4 3414s
 205891 84811    0.23949   74  206    0.76332    0.23949  68.6%  57.4 3420s
 206679 84937    0.24122   71  197    0.76332    0.23949  68.6%  57.3 3425s
 206942 85194    0.23949   72  191    0.76332    0.23949  68.6%  57.3 3432s
 207550 85303    0.23949   56  180    0.76332    0.23949  68.6%  57.3 3440s
 207855 86077    0.51071   70  233    0.76332    0.23949  68.6%  57.3 3457s
 209416 86128 infeasible   59         0.76332    0.23949  68.6%  57.3 3463s
 209494 86357    0.23949   74  197    0.76332    0.23949  68.6%  57.2 3470s
 210070 86700    0.23949   66  162    0.76332    0.23949  68.6%  57.3 3478s
 210801 86922 infeasible   61         0.76332    0.23949  68.6%  57.2 3485s
 211401 87228 infeasible   52         0.76332    0.23949  68.6%  57.2 3491s
 211972 87386 infeasible   84         0.76332    0.23949  68.6%  57.2 3497s
 212279 87767    0.23949   65  192    0.76332    0.23949  68.6%  57.1 3504s
 213000 87944    0.35911  120  127    0.76332    0.23949  68.6%  57.1 3509s
 213316 88187 infeasible   63         0.76332    0.23949  68.6%  57.1 3517s
 213946 88247 infeasible   54         0.76332    0.23949  68.6%  57.1 3522s
 214146 88524     cutoff   71         0.76332    0.23949  68.6%  57.1 3530s
 214814 88741    0.23949   98  217    0.76332    0.23949  68.6%  57.1 3537s
 215320 88904    0.37859   77  171    0.76332    0.23949  68.6%  57.1 3543s
 215659 89146     cutoff   73         0.76332    0.23949  68.6%  57.0 3550s
 216322 89197     cutoff   91         0.76332    0.23949  68.6%  57.0 3555s
 216477 89501 infeasible   62         0.76332    0.23949  68.6%  57.0 3562s
 217149 89986    0.23949   65  190    0.76332    0.23949  68.6%  57.0 3569s
 217898 90111    0.24877   75  177    0.76332    0.23949  68.6%  57.0 3578s
 218221 90747     cutoff   65         0.76332    0.23949  68.6%  57.0 3594s
 219634 90775    0.23949   66  178    0.76332    0.23949  68.6%  56.9 3599s
 219736 91293    0.48058   80  221    0.76332    0.23949  68.6%  56.9 3607s
 220650 91471    0.23949   99  198    0.76332    0.23949  68.6%  56.9 3614s
 221174 91927    0.23949   56  176    0.76332    0.23949  68.6%  56.9 3622s
 222022 92005    0.26923   58  180    0.76332    0.23949  68.6%  56.8 3627s
 222227 92280    0.23949   63  179    0.76332    0.23949  68.6%  56.8 3634s
 222871 92432     cutoff   81         0.76332    0.23949  68.6%  56.8 3641s
 223277 92554    0.23949   47  214    0.76332    0.23949  68.6%  56.8 3646s
 223569 92826    0.23949   64  183    0.76332    0.23949  68.6%  56.8 3654s
 224157 92943    0.23949   65  207    0.76332    0.23949  68.6%  56.8 3659s
 224352 93311    0.62476   90  209    0.76332    0.23949  68.6%  56.8 3666s
 225077 93631    0.23949   75  188    0.76332    0.23949  68.6%  56.7 3673s
 225720 93849     cutoff   79         0.76332    0.23949  68.6%  56.7 3678s
 226085 94196    0.23949   69  198    0.76332    0.23949  68.6%  56.7 3685s
 226757 94304    0.23949   69  204    0.76332    0.23949  68.6%  56.6 3691s
 227013 94723    0.48408   67  143    0.76332    0.23949  68.6%  56.7 3698s
 227762 94802    0.29032   76  222    0.76332    0.23949  68.6%  56.6 3703s
 227899 95229    0.23949   62  170    0.76332    0.23949  68.6%  56.6 3711s
 228681 95573    0.64806  118  199    0.76332    0.23949  68.6%  56.6 3723s
 229494 95736    0.23949   68  182    0.76332    0.23949  68.6%  56.6 3728s
 229821 96014    0.23949   63  191    0.76332    0.23949  68.6%  56.6 3735s
 230328 96137    0.23949   86  163    0.76332    0.23949  68.6%  56.6 3741s
 230620 96507    0.45197   93  205    0.76332    0.23949  68.6%  56.5 3751s
 231464 96701     cutoff   76         0.76332    0.23949  68.6%  56.5 3758s
 231862 96995    0.26263   75  244    0.76332    0.23949  68.6%  56.5 3766s
 232570 96996 infeasible   76         0.76332    0.23949  68.6%  56.5 3771s
 232625 97402    0.27536   67  242    0.76332    0.23949  68.6%  56.5 3780s
 233498 97588    0.23949   83  179    0.76332    0.23949  68.6%  56.5 3787s
 233986 97618 infeasible   71         0.76332    0.23949  68.6%  56.5 3793s
 234131 97992    0.23949   68  177    0.76332    0.23949  68.6%  56.5 3802s
 234895 98095    0.23949   74  208    0.76332    0.23949  68.6%  56.5 3808s
 235156 98410 infeasible   48         0.76332    0.23949  68.6%  56.5 3817s
 235855 98580    0.23949   81  164    0.76332    0.23949  68.6%  56.5 3825s
 236286 98766    0.23949   79  195    0.76332    0.23949  68.6%  56.5 3833s
 236746 98954    0.25020   74  226    0.76332    0.23949  68.6%  56.5 3839s
 237174 99279    0.23949   84  199    0.76332    0.23949  68.6%  56.5 3849s
 237907 99376    0.49595  103  199    0.76332    0.23949  68.6%  56.5 3854s
 238102 99857     cutoff   71         0.76332    0.23949  68.6%  56.5 3864s
 238997 100137     cutoff   80         0.76332    0.23949  68.6%  56.4 3876s
 239779 100254    0.23949   99  174    0.76332    0.23949  68.6%  56.4 3881s
 240083 100538     cutoff   54         0.76332    0.23949  68.6%  56.4 3891s
 240809 100668    0.23949   56  159    0.76332    0.23949  68.6%  56.4 3897s
 241150 101027    0.23949   75  163    0.76332    0.23949  68.6%  56.5 3906s
 242028 101149    0.26055   73  192    0.76332    0.23949  68.6%  56.4 3912s
 242310 101483    0.23949   70  166    0.76332    0.23949  68.6%  56.4 3920s
 243029 101675    0.23949   86  150    0.76332    0.23949  68.6%  56.4 3929s
 243632 101819    0.23949   85  198    0.76332    0.23949  68.6%  56.4 3934s
 243943 102129    0.23949   73  204    0.76332    0.23949  68.6%  56.4 3942s
 244600 102339    0.23949   69  171    0.76332    0.23949  68.6%  56.4 3951s
 245276 102402 infeasible   79         0.76332    0.23949  68.6%  56.4 3956s
 245426 102660    0.53151   76  221    0.76332    0.23949  68.6%  56.4 3964s
 246030 102969 infeasible   56         0.76332    0.23949  68.6%  56.4 3973s
 246711 103284    0.23949   72  223    0.76332    0.23949  68.6%  56.4 3980s
 247333 103326    0.42215   51  216    0.76332    0.23949  68.6%  56.4 3986s
 247510 103646    0.23949   69  176    0.76332    0.23949  68.6%  56.4 3994s
 248232 103840     cutoff   89         0.76332    0.23949  68.6%  56.4 4001s
 248627 104164 infeasible   68         0.76332    0.23949  68.6%  56.4 4009s
 249388 104293    0.23949   54  182    0.76332    0.23949  68.6%  56.4 4018s
 249644 105114    0.23949  109  174    0.76332    0.23949  68.6%  56.4 4043s
 251605 105169    0.23949   67  221    0.76332    0.23949  68.6%  56.4 4049s
 251780 105459    0.28661   72  146    0.76332    0.23949  68.6%  56.4 4058s
 252476 105931    0.23949   55  194    0.76332    0.23949  68.6%  56.4 4066s
 253361 106083    0.23949   60  196    0.76332    0.23949  68.6%  56.4 4072s
 253630 106550    0.45243   80  217    0.76332    0.23949  68.6%  56.4 4080s
 254472 106879 infeasible   81         0.76332    0.23949  68.6%  56.3 4088s
 255160 107106    0.72230   83  223    0.76332    0.23949  68.6%  56.3 4094s
 255522 107401    0.24181   96  212    0.76332    0.23949  68.6%  56.3 4102s
 256188 107655    0.35093   83  200    0.76332    0.23949  68.6%  56.3 4109s
 256806 107706 infeasible   61         0.76332    0.23949  68.6%  56.3 4114s
 256925 108086    0.53046  109  187    0.76332    0.23949  68.6%  56.3 4122s
 257659 108395    0.24224   74  199    0.76332    0.23949  68.6%  56.2 4130s
 258387 108518    0.39054   50  143    0.76332    0.23949  68.6%  56.2 4136s
 258709 108931    0.23949   65  218    0.76332    0.23949  68.6%  56.2 4144s
 259450 108977    0.27798   78  243    0.76332    0.23949  68.6%  56.2 4149s
 259563 109357    0.23949   65  223    0.76332    0.23949  68.6%  56.2 4157s
 260313 109732     cutoff   97         0.76332    0.23949  68.6%  56.2 4169s
 261202 109875     cutoff   86         0.76332    0.23949  68.6%  56.2 4175s
H261207 106025                       0.6390157    0.23949  62.5%  56.2 4175s
 261403 106353    0.23949   57  202    0.63902    0.23949  62.5%  56.1 4183s
 262152 106582 infeasible  102         0.63902    0.23949  62.5%  56.1 4189s
 262643 106781     cutoff  121         0.63902    0.23949  62.5%  56.1 4196s
 263066 107168    0.23949   65  184    0.63902    0.23949  62.5%  56.1 4204s
 263833 107206 infeasible   62         0.63902    0.23949  62.5%  56.0 4208s
 263943 107604    0.23949   70  221    0.63902    0.23949  62.5%  56.0 4217s

Cutting planes:
  Learned: 1
  Gomory: 58
  Cover: 5
  Implied bound: 5
  Projected implied bound: 2
  Clique: 14
  MIR: 57
  StrongCG: 2
  Flow cover: 42
  RLT: 17
  Relax-and-lift: 5

Explored 264775 nodes (14841181 simplex iterations) in 4218.53 seconds
Thread count was 8 (of 8 available processors)

Solution count 10: 0.639016 0.763325 0.97435 ... 2.31468

Solve interrupted
Best objective 6.390157109686e-01, best bound 2.394902473210e-01, gap 62.5220%
