
Gurobi 9.1.1 (win64, Matlab) logging started Wed May 19 15:43:10 2021

Gurobi Optimizer version 9.1.1 build v9.1.1rc0 (win64)
Thread count: 4 physical cores, 8 logical processors, using up to 8 threads
Optimize a model with 2478 rows, 1239 columns and 150378 nonzeros
Model fingerprint: 0x79a76b0e
Variable types: 639 continuous, 600 integer (600 binary)
Coefficient statistics:
  Matrix range     [2e-09, 4e+00]
  Objective range  [1e+00, 1e+00]
  Bounds range     [1e+00, 1e+00]
  RHS range        [4e-06, 4e+00]
Presolve removed 1008 rows and 488 columns
Presolve time: 0.30s
Presolved: 1470 rows, 751 columns, 86473 nonzeros
Variable types: 395 continuous, 356 integer (356 binary)

Root relaxation: objective 1.524683e-02, 5665 iterations, 0.85 seconds

    Nodes    |    Current Node    |     Objective Bounds      |     Work
 Expl Unexpl |  Obj  Depth IntInf | Incumbent    BestBd   Gap | It/Node Time

     0     0    0.01525    0  121          -    0.01525      -     -    2s
     0     0    0.01539    0  123          -    0.01539      -     -    3s
     0     0    0.01539    0  121          -    0.01539      -     -    3s
     0     0    0.01541    0  130          -    0.01541      -     -    3s
     0     0    0.01542    0  127          -    0.01542      -     -    3s
     0     0    0.01574    0  131          -    0.01574      -     -    4s
     0     0    0.01575    0  139          -    0.01575      -     -    7s
     0     0    0.01779    0  126          -    0.01779      -     -    8s
     0     0    0.01779    0  139          -    0.01779      -     -    8s
     0     0    0.01779    0  147          -    0.01779      -     -    8s
     0     0    0.01779    0  146          -    0.01779      -     -    8s
     0     0    0.01858    0  138          -    0.01858      -     -    9s
     0     0    0.01858    0  140          -    0.01858      -     -    9s
     0     0    0.01873    0  148          -    0.01873      -     -    9s
     0     0    0.01873    0  149          -    0.01873      -     -    9s
     0     0    0.01873    0  146          -    0.01873      -     -    9s
     0     0    0.01873    0  148          -    0.01873      -     -    9s
     0     0    0.01873    0  139          -    0.01873      -     -   10s
     0     0    0.01873    0  154          -    0.01873      -     -   10s
     0     0    0.01873    0  150          -    0.01873      -     -   10s
     0     0    0.01873    0  149          -    0.01873      -     -   10s
     0     0    0.01873    0  138          -    0.01873      -     -   10s
     0     0    0.01873    0  150          -    0.01873      -     -   11s
     0     0    0.01873    0  144          -    0.01873      -     -   11s
H    0     0                       7.9850944    0.01873   100%     -   14s
     0     0    0.01873    0  144    7.98509    0.01873   100%     -   14s
     0     2    0.01873    0  144    7.98509    0.01873   100%     -   15s
    27    32    0.04693    6  160    7.98509    0.03764   100%  1113   21s
    49    53    0.05256    8  128    7.98509    0.03764   100%  1030   25s
    78    76    0.06616   11  120    7.98509    0.03764   100%   881   30s
   111   102    0.08038   15  118    7.98509    0.03764   100%   771   36s
   165   126    0.11575   19  121    7.98509    0.03764   100%   733   40s
   196   140    0.12224   21  126    7.98509    0.03764   100%   721   46s
   245   180    0.20350   24  112    7.98509    0.03764   100%   721   51s
   336   214    0.21995   30  109    7.98509    0.03764   100%   625   57s
H  337   214                       7.9850942    0.03764   100%   623   57s
   424   275 infeasible   37         7.98509    0.03764   100%   569   61s
   491   302    0.23653   40  109    7.98509    0.03764   100%   547   65s
H  561   356                       7.7453542    0.03764   100%   509   66s
H  709   406                       7.7453542    0.03764   100%   442   69s
   711   451    0.24083   92  118    7.74535    0.03764   100%   442   71s
   872   480    1.27777   11   89    7.74535    0.04059  99.5%   415   75s
H  923   498                       5.3658139    0.04059  99.2%   409   79s
   945   500     cutoff   34         5.36581    0.04558  99.2%   418   82s
   987   523 infeasible   10         5.36581    0.04791  99.1%   437   89s
H  991   471                       3.8059102    0.04791  98.7%   437   89s
  1004   493    0.24013   11  142    3.80591    0.04791  98.7%   440   91s
  1049   494    2.80744   41  144    3.80591    0.04791  98.7%   441  110s
  1051   495    0.67752    7  122    3.80591    0.04791  98.7%   440  115s
  1052   496    0.59388   15  124    3.80591    0.04791  98.7%   440  122s
  1055   501    0.04791   14  137    3.80591    0.04791  98.7%   443  125s
  1065   508    0.04791   17  136    3.80591    0.04791  98.7%   445  130s
  1087   521    0.07007   19  112    3.80591    0.04791  98.7%   446  135s
H 1116   511                       3.8059102    0.04791  98.7%   443  139s
  1138   530    0.05809   25  111    3.80591    0.04791  98.7%   441  140s
  1230   568    0.15320   35  102    3.80591    0.04791  98.7%   437  145s
  1360   582    0.53350   53  112    3.80591    0.04791  98.7%   419  151s
  1665   622    0.07736   19  110    3.80591    0.04791  98.7%   367  155s
  1979   674    0.09916   45  117    3.80591    0.04791  98.7%   324  160s
  2323   677    0.64051   27  124    3.80591    0.04791  98.7%   295  166s
H 2675   880                       3.1659969    0.04791  98.5%   268  170s
H 2676   877                       2.9459109    0.04791  98.4%   268  170s
  3175  1298     cutoff  115         2.94591    0.04791  98.4%   238  175s
  4294  2074     cutoff   25         2.94591    0.04791  98.4%   193  180s
  5311  2783    0.13355   42  126    2.94591    0.04989  98.3%   174  185s
  6151  3275    0.11110   30  142    2.94591    0.05082  98.3%   162  190s
  6475  3473    0.05470   38  147    2.94591    0.05124  98.3%   159  195s
  7415  4208    0.12862   38  155    2.94591    0.05275  98.2%   150  200s
  8329  4658    0.91568   38   98    2.94591    0.05320  98.2%   143  205s
  9178  5134    0.06180   40  134    2.94591    0.05403  98.2%   140  210s
  9590  5247    0.29989   35  154    2.94591    0.05428  98.2%   138  215s
 10521  6011    0.08479   59  127    2.94591    0.05465  98.1%   133  224s
 10956  6135    1.02626   51  143    2.94591    0.05489  98.1%   132  227s
 11154  6502 infeasible   52         2.94591    0.05497  98.1%   133  230s
 12064  6910    0.06076   48  121    2.94591    0.05540  98.1%   130  237s
 12424  7113    0.10294   54  126    2.94591    0.05543  98.1%   130  241s
 13317  7558    0.38400   83  112    2.94591    0.05582  98.1%   129  250s
 13645  7859    0.05826   47  128    2.94591    0.05594  98.1%   128  258s
H13711  7857                       2.9023847    0.05594  98.1%   128  258s
H13966  7853                       2.8610625    0.05607  98.0%   128  258s
 14159  8086    0.08922   49  113    2.86106    0.05614  98.0%   127  273s
 14590  8435    0.11431   53  129    2.86106    0.05626  98.0%   126  277s
 15116  8888    0.73348   76  101    2.86106    0.05673  98.0%   124  280s
 16370  9485    0.56019   65  135    2.86106    0.05704  98.0%   122  286s
 16926  9641    0.18275   67  121    2.86106    0.05741  98.0%   121  290s
 17493 10134    0.06534   50  128    2.86106    0.05781  98.0%   121  297s
 18710 11185    0.12657   48  135    2.86106    0.05828  98.0%   118  344s
H19299 11185                       2.8610625    0.05832  98.0%   117  344s
 19547 11356    0.54209   41  145    2.86106    0.05856  98.0%   116  348s
 19804 11574    1.00868   79   98    2.86106    0.05876  97.9%   115  352s
 20170 11975    0.12838   59   62    2.86106    0.05885  97.9%   115  357s
H20731 11975                       2.8610584    0.05900  97.9%   114  486s
 20734 11977    0.53956   96  124    2.86106    0.05900  97.9%   114  493s
 20735 11978    0.13438   51  124    2.86106    0.05900  97.9%   114  497s
 20737 11979    0.44239   65  165    2.86106    0.05900  97.9%   114  503s
 20738 11980    1.05119  140  168    2.86106    0.05900  97.9%   114  507s
 20739 11981    0.12101   53  170    2.86106    0.05900  97.9%   114  514s
 20740 11981    0.16727   32  165    2.86106    0.05900  97.9%   114  520s
 20741 11982    1.08497  113  167    2.86106    0.05900  97.9%   114  526s
 20744 11984    0.81491  113  175    2.86106    0.05900  97.9%   114  531s
 20749 11987    0.49892   86  174    2.86106    0.05900  97.9%   114  536s
 20753 11990    0.44353   76  173    2.86106    0.05900  97.9%   114  541s
 20756 11992    0.59763   48  174    2.86106    0.05900  97.9%   114  546s
 20758 11996    0.05900   23  177    2.86106    0.05900  97.9%   114  552s
 20760 11998    0.05900   24  167    2.86106    0.05900  97.9%   114  556s
 20764 12000    0.05900   25  168    2.86106    0.05900  97.9%   115  560s
 20776 12004    1.30065   27  129    2.86106    0.05900  97.9%   115  565s
 20797 12012    0.10559   29  151    2.86106    0.05900  97.9%   115  570s
 20823 12023    0.10864   33  156    2.86106    0.05900  97.9%   115  575s
 20848 12024    0.25128   36  147    2.86106    0.05900  97.9%   116  580s
 20954 12052    0.57791   46  139    2.86106    0.05900  97.9%   116  585s
 21156 12086    0.77886   63  124    2.86106    0.05900  97.9%   116  590s
 21458 12182    1.17048   41  109    2.86106    0.05900  97.9%   116  596s
 21762 12249    0.24885   33  125    2.86106    0.05900  97.9%   116  600s
 22369 12358    2.25973   46  106    2.86106    0.05900  97.9%   115  606s
 22854 12465    0.05900   52  139    2.86106    0.05900  97.9%   115  610s
 23530 12608     cutoff   29         2.86106    0.05900  97.9%   114  615s
 24039 12762    0.05900   65   51    2.86106    0.05900  97.9%   113  620s
H24663 12155                       2.6093426    0.05900  97.7%   112  650s
 24870 12388    2.36708  159   18    2.60934    0.05900  97.7%   112  656s
H24948 11792                       2.6093426    0.05900  97.7%   112  656s
H25004 11232                       2.6093426    0.05900  97.7%   111  656s
 25365 11490    0.71139   45  141    2.60934    0.05900  97.7%   111  660s
 25991 11739    0.05900   63   79    2.60934    0.05900  97.7%   110  666s
H26433 11399                       2.6093425    0.05900  97.7%   109  668s
 26655 11662    0.11311   44  121    2.60934    0.05900  97.7%   109  671s
 27534 12095    0.05900   40  105    2.60934    0.05900  97.7%   107  675s
 29242 12936    0.54447   57   88    2.60934    0.05900  97.7%   103  681s
 30300 13193    0.05900   57  109    2.60934    0.05900  97.7%   101  686s
 31252 13945 infeasible   58         2.60934    0.05900  97.7%  99.2  694s
 32462 13684    0.05900   56   51    2.60934    0.05900  97.7%  97.1  696s
 33229 13885    1.23051   75   59    2.60934    0.05900  97.7%  95.9  700s
 34209 14138    0.34067   51   78    2.60934    0.05900  97.7%  94.5  705s
 35458 14507    0.05900   60   54    2.60934    0.05900  97.7%  92.9  712s
 36056 14986    0.05900   63   61    2.60934    0.05900  97.7%  92.3  715s
H37222 14259                       2.2750447    0.05900  97.4%  90.4  721s
H37224 13453                       1.9000770    0.05900  96.9%  90.4  721s
H37226 12436                       1.5271934    0.05900  96.1%  90.4  721s
 37394 12730 infeasible   52         1.52719    0.05900  96.1%  90.3  725s
 38530 12862    0.05900   55   51    1.52719    0.05900  96.1%  89.0  730s
*39650  7002             154       0.3493569    0.05900  83.1%  87.7  733s
 40253  6638    0.05900   73   60    0.34936    0.05900  83.1%  87.2  736s
 41099  6696    0.05900   65   47    0.34936    0.05900  83.1%  86.8  740s
 41742  6932    0.05900   58   59    0.34936    0.05900  83.1%  86.6  748s
 42834  6614     cutoff   81         0.34936    0.05900  83.1%  86.0  750s
 43802  6514    0.05900   69   55    0.34936    0.05900  83.1%  85.7  756s
 44725  6530    0.05900   55   45    0.34936    0.05900  83.1%  85.4  760s
 45990  6968     cutoff   74         0.34936    0.05900  83.1%  84.9  766s
 46665  7457    0.05900   68   60    0.34936    0.05900  83.1%  84.6  770s
*46902  7145             283       0.3114747    0.05900  81.1%  84.3  770s
*47557  7251             199       0.3058863    0.05900  80.7%  84.0  772s
 47889  7477    0.05900   57  132    0.30589    0.05900  80.7%  84.1  775s
 48997  7837 infeasible   59         0.30589    0.05900  80.7%  84.1  781s
 49634  8049    0.05900   49   56    0.30589    0.05900  80.7%  84.0  785s
 50447  8514    0.05900   50  126    0.30589    0.05900  80.7%  83.9  791s
 51243  8718    0.08022   71  147    0.30589    0.05900  80.7%  83.8  795s
 51955  9168    0.05900   47   97    0.30589    0.05900  80.7%  83.7  801s
 52853  9522    0.05900   51  129    0.30589    0.05900  80.7%  83.6  806s
 53679 10056    0.26867   71   29    0.30589    0.05900  80.7%  83.4  811s
 54434 10446    0.05900   63   81    0.30589    0.05900  80.7%  83.3  815s
 55271 10819     cutoff   72         0.30589    0.05900  80.7%  83.0  820s
 56208 11137    0.07644   65   54    0.30589    0.05900  80.7%  82.8  825s
 57033 11546     cutoff   79         0.30589    0.05900  80.7%  82.6  830s
 58162 11856    0.09403   68   51    0.30589    0.05900  80.7%  82.4  837s
 58844 12269    0.05900   54   95    0.30589    0.05900  80.7%  82.4  841s
 59612 12491     cutoff   61         0.30589    0.05900  80.7%  82.3  846s
 60411 12619     cutoff   65         0.30589    0.05900  80.7%  82.2  853s
 60498 12684    0.05900   71   66    0.30589    0.05900  80.7%  82.2  855s
 61210 13014    0.23666   68   79    0.30589    0.05900  80.7%  82.2  860s
 61954 13241    0.05900   63  110    0.30589    0.05900  80.7%  82.1  865s
 62801 13562    0.05900   66   80    0.30589    0.05900  80.7%  81.9  871s
 63345 13759    0.05900   57   66    0.30589    0.05900  80.7%  81.9  877s
 63705 13852 infeasible   58         0.30589    0.05900  80.7%  81.9  881s
 63996 14076    0.05900   41  101    0.30589    0.05900  80.7%  81.9  886s
 64575 14120    0.05900   71  125    0.30589    0.05900  80.7%  81.8  890s
 64808 14279    0.30194   69   30    0.30589    0.05900  80.7%  81.9  895s
 65610 14515    0.05900   54   49    0.30589    0.05900  80.7%  81.9  904s
 66155 14557    0.05900   70  106    0.30589    0.05900  80.7%  81.8  907s
 66383 14712    0.05900   62   94    0.30589    0.05900  80.7%  81.8  912s
 66949 14806 infeasible   58         0.30589    0.05900  80.7%  81.7  916s
 67223 15052    0.12692   72   47    0.30589    0.05900  80.7%  81.7  920s
 68015 15260    0.07899   58   99    0.30589    0.05900  80.7%  81.6  928s
 68502 15425    0.05900   61   43    0.30589    0.05900  80.7%  81.6  933s
 68978 15515    0.05900   66   54    0.30589    0.05900  80.7%  81.5  937s
 69201 15709    0.05900   51   69    0.30589    0.05900  80.7%  81.5  941s
 69754 15801    0.10236   65  111    0.30589    0.05900  80.7%  81.4  946s
 70236 15940     cutoff   67         0.30589    0.05900  80.7%  81.5  950s
 71121 16151     cutoff   69         0.30589    0.05900  80.7%  81.3  958s
 71285 16285    0.05900   69   82    0.30589    0.05900  80.7%  81.3  963s
 71835 16364    0.05900   61   74    0.30589    0.05900  80.7%  81.3  967s
 72082 16494    0.05900   61  145    0.30589    0.05900  80.7%  81.3  971s
 72601 16559    0.05900   62   71    0.30589    0.05900  80.7%  81.3  977s
 72861 16851    0.05900   61   74    0.30589    0.05900  80.7%  81.3  985s
 74021 17075    0.25488   65   30    0.30589    0.05900  80.7%  81.3  993s
 74624 17137    0.21651   65   44    0.30589    0.05900  80.7%  81.2  997s
 74913 17290    0.05900   55   80    0.30589    0.05900  80.7%  81.1 1002s
 75375 17303    0.18944   52   46    0.30589    0.05900  80.7%  81.1 1006s
 75529 17440    0.05900   54  151    0.30589    0.05900  80.7%  81.1 1011s
 76033 17499    0.05900   61   53    0.30589    0.05900  80.7%  81.2 1015s
 76647 17704    0.05900   55  107    0.30589    0.05900  80.7%  81.2 1024s
 77186 17792    0.16881   77  126    0.30589    0.05900  80.7%  81.2 1028s
 77530 17925    0.05900   65   60    0.30589    0.05900  80.7%  81.2 1033s
 78040 18003    0.19035   66   34    0.30589    0.05900  80.7%  81.2 1036s
 78338 18066    0.05900   58   73    0.30589    0.05900  80.7%  81.2 1041s
 78781 18142     cutoff   50         0.30589    0.05900  80.7%  81.3 1046s
 79259 18211     cutoff   71         0.30589    0.05900  80.7%  81.3 1050s
 79517 18368 infeasible   43         0.30589    0.05900  80.7%  81.3 1055s
 80059 18539 infeasible   69         0.30589    0.05900  80.7%  81.2 1060s
 80797 18626    0.05900   55  139    0.30589    0.05900  80.7%  81.3 1069s
 81270 18669    0.10903   63   37    0.30589    0.05900  80.7%  81.2 1073s
 81574 18730     cutoff   71         0.30589    0.05900  80.7%  81.3 1079s
 82012 18821     cutoff   73         0.30589    0.05900  80.7%  81.4 1083s
 82238 18918    0.05900   72  144    0.30589    0.05900  80.7%  81.3 1088s
 82662 19000    0.05900   62  138    0.30589    0.05900  80.7%  81.3 1092s
 83189 19114 infeasible   63         0.30589    0.05900  80.7%  81.3 1098s
 83517 19257    0.05914   59   51    0.30589    0.05900  80.7%  81.3 1104s
 84195 19248    0.19476   66   70    0.30589    0.05900  80.7%  81.3 1108s
 84370 19495    0.12141   73   44    0.30589    0.05900  80.7%  81.3 1113s
 85047 19599    0.27632   66   46    0.30589    0.05900  80.7%  81.2 1116s
 85358 19659     cutoff   76         0.30589    0.05900  80.7%  81.1 1120s
 85608 19837     cutoff   66         0.30589    0.05900  80.7%  81.1 1126s
 86434 20048    0.05900   65   71    0.30589    0.05900  80.7%  81.0 1134s
 86970 20169    0.05900   64   60    0.30589    0.05900  80.7%  81.0 1139s
 87440 20208 infeasible   58         0.30589    0.05900  80.7%  81.0 1143s
 87710 20317    0.05900   58  142    0.30589    0.05900  80.7%  81.0 1147s
 88102 20377     cutoff   63         0.30589    0.05900  80.7%  81.0 1151s
 88384 20512    0.05900   60   70    0.30589    0.05900  80.7%  81.0 1156s
 88953 20606    0.05900   62   62    0.30589    0.05900  80.7%  80.9 1160s
 89786 20844     cutoff   60         0.30589    0.05900  80.7%  80.8 1169s
 90216 20932 infeasible   72         0.30589    0.05900  80.7%  80.9 1173s
 90554 21196    0.08571   67  112    0.30589    0.05900  80.7%  80.8 1177s
 91154 21419    0.26868   78   65    0.30589    0.05900  80.7%  80.7 1182s
 91591 21484     cutoff   65         0.30589    0.05900  80.7%  80.6 1186s
 91791 21599 infeasible   84         0.30589    0.05900  80.7%  80.7 1191s
 92254 21681    0.05900   65   45    0.30589    0.05900  80.7%  80.7 1195s
 92876 21797    0.05900   57   85    0.30589    0.05900  80.7%  80.8 1204s
 93376 21910     cutoff   74         0.30589    0.05900  80.7%  80.8 1209s
 93885 21970    0.05900   69   86    0.30589    0.05900  80.7%  80.8 1214s
 94090 22258    0.07994   71   53    0.30589    0.05900  80.7%  80.8 1224s
 95182 22311    0.05900   70   39    0.30589    0.05900  80.7%  80.8 1227s
 95380 22579     cutoff   64         0.30589    0.05900  80.7%  80.9 1232s
*95816 22432             203       0.2998288    0.05900  80.3%  80.7 1232s
 95857 22569    0.05900   64   80    0.29983    0.05900  80.3%  80.7 1237s
 96389 22635 infeasible   68         0.29983    0.05900  80.3%  80.7 1240s
 96590 22898     cutoff   61         0.29983    0.05900  80.3%  80.8 1245s
 97250 23044     cutoff   59         0.29983    0.05900  80.3%  80.7 1250s
 98004 23295    0.05900   57   98    0.29983    0.05900  80.3%  80.6 1258s
 98504 23405     cutoff   66         0.29983    0.05900  80.3%  80.6 1263s
 98913 23418     cutoff   74         0.29983    0.05900  80.3%  80.6 1267s
 99178 23485    0.06001   48   87    0.29983    0.05900  80.3%  80.7 1272s
 99714 23510    0.06883   59   67    0.29983    0.05900  80.3%  80.7 1276s
 99989 23584     cutoff   65         0.29983    0.05900  80.3%  80.8 1280s
 100583 23651 infeasible   63         0.29983    0.05900  80.3%  80.8 1288s
 100979 23746    0.05900   66   74    0.29983    0.05900  80.3%  80.8 1293s
 101580 23802     cutoff   72         0.29983    0.05900  80.3%  80.8 1297s
 101776 23908    0.05900   52   50    0.29983    0.05900  80.3%  80.8 1302s
 102359 24071     cutoff   76         0.29983    0.05900  80.3%  80.8 1307s
 102881 24141    0.27706   65   96    0.29983    0.05900  80.3%  80.8 1311s
 103250 24215    0.05900   72   56    0.29983    0.05900  80.3%  80.7 1317s
 103639 24236    0.05900   60   54    0.29983    0.05900  80.3%  80.7 1321s
 103862 24328    0.19264   64   43    0.29983    0.05900  80.3%  80.8 1326s
 104357 24364    0.25966   68   85    0.29983    0.05900  80.3%  80.8 1332s
 104752 24402 infeasible   63         0.29983    0.05900  80.3%  80.9 1337s
 105003 24509    0.05900   72  108    0.29983    0.05900  80.3%  80.9 1343s
 105689 24638     cutoff   61         0.29983    0.05900  80.3%  81.0 1349s
 106140 24696    0.05900   65   97    0.29983    0.05900  80.3%  80.9 1353s
 106454 24799    0.05900   56   91    0.29983    0.05900  80.3%  80.9 1359s
 106970 24902    0.19800   54  121    0.29983    0.05900  80.3%  81.0 1363s
 107272 24994    0.07504   62   67    0.29983    0.05900  80.3%  80.9 1369s
 107719 25111    0.22696   77   25    0.29983    0.05900  80.3%  80.9 1374s
 108293 25183     cutoff   71         0.29983    0.05900  80.3%  80.9 1378s
H108529 25322                       0.2992760    0.05900  80.3%  80.9 1383s
H108914 25299                       0.2983460    0.05900  80.2%  80.9 1383s
 109054 25411    0.08150   68   72    0.29835    0.05900  80.2%  80.9 1388s
 109445 25496    0.10206   55   60    0.29835    0.05900  80.2%  80.9 1393s
 109850 25587    0.17241   76  111    0.29835    0.05900  80.2%  80.9 1398s
 110207 25723    0.05900   68  106    0.29835    0.05900  80.2%  80.9 1403s
 110664 25778    0.21512   76   39    0.29835    0.05900  80.2%  80.8 1407s
 110944 25923    0.12780   69   30    0.29835    0.05900  80.2%  80.8 1412s
 111551 25971    0.28615   72   79    0.29835    0.05900  80.2%  80.8 1417s
 111786 26017    0.05900   69   36    0.29835    0.05900  80.2%  80.8 1422s
 112259 26128    0.05900   57   69    0.29835    0.05900  80.2%  80.9 1427s
 112751 26128     cutoff   72         0.29835    0.05900  80.2%  81.0 1431s
 112936 26187     cutoff   56         0.29835    0.05900  80.2%  81.0 1436s
 113380 26182    0.19086   68   47    0.29835    0.05900  80.2%  81.1 1441s
 113669 26261 infeasible   55         0.29835    0.05900  80.2%  81.2 1446s
 114134 26279    0.05900   65   62    0.29835    0.05900  80.2%  81.2 1451s
 114339 26497    0.09427  100  106    0.29835    0.05900  80.2%  81.3 1456s
 114893 26591    0.05900   64  115    0.29835    0.05900  80.2%  81.2 1461s
 115129 26736 infeasible   69         0.29835    0.05900  80.2%  81.2 1469s
 116009 26748     cutoff   73         0.29835    0.05900  80.2%  81.2 1472s
 116169 26875    0.05900   62  141    0.29835    0.05900  80.2%  81.3 1477s
 116775 26946 infeasible   62         0.29835    0.05900  80.2%  81.2 1481s
 117087 26998    0.16741   59   67    0.29835    0.05900  80.2%  81.2 1486s
 117458 27013 infeasible   66         0.29835    0.05900  80.2%  81.2 1490s
 117719 27230    0.20090   67   31    0.29835    0.05900  80.2%  81.3 1495s
 118386 27263    0.05900   69  132    0.29835    0.05900  80.2%  81.2 1500s
 118552 27297    0.14213   70  130    0.29835    0.05900  80.2%  81.2 1505s
 119584 27463    0.23569   65   34    0.29835    0.05900  80.2%  81.2 1513s
 119726 27540    0.09763   52  102    0.29835    0.05900  80.2%  81.3 1518s
 120205 27534    0.11612   63   50    0.29835    0.05900  80.2%  81.3 1521s
 120417 27647    0.07434   67  108    0.29835    0.05900  80.2%  81.3 1526s
 120839 27681    0.05900   63   57    0.29835    0.05900  80.2%  81.3 1530s
 121090 27817    0.09951   43  144    0.29835    0.05900  80.2%  81.3 1535s
 121874 27965    0.13711   58  133    0.29835    0.05900  80.2%  81.3 1544s
 122254 28134     cutoff  118         0.29835    0.05900  80.2%  81.3 1549s
 122798 28173 infeasible   70         0.29835    0.05900  80.2%  81.3 1553s
 123017 28250 infeasible   71         0.29835    0.05900  80.2%  81.3 1558s
 123536 28311    0.05900   58  106    0.29835    0.05900  80.2%  81.3 1563s
 123860 28343    0.05900   67  138    0.29835    0.05900  80.2%  81.3 1567s
 124089 28474 infeasible   60         0.29835    0.05900  80.2%  81.3 1572s
 124643 28506    0.05900   64   80    0.29835    0.05900  80.2%  81.3 1576s
 124871 28624    0.05900   73   56    0.29835    0.05900  80.2%  81.3 1582s
 125384 28666 infeasible   88         0.29835    0.05900  80.2%  81.4 1588s
 125727 28745    0.26698   89   42    0.29835    0.05900  80.2%  81.4 1594s
 126117 28822    0.05900   65  139    0.29835    0.05900  80.2%  81.4 1600s
 126426 28970     cutoff   66         0.29835    0.05900  80.2%  81.4 1607s
 127241 29120    0.12137   79   65    0.29835    0.05900  80.2%  81.4 1612s
 127693 29262    0.05900   61   54    0.29835    0.05900  80.2%  81.3 1617s
 128119 29290     cutoff   74         0.29835    0.05900  80.2%  81.3 1621s
 128410 29469    0.05900   64   79    0.29835    0.05900  80.2%  81.4 1627s
 128906 29584    0.13351   60  125    0.29835    0.05900  80.2%  81.3 1632s
 129217 29699    0.28786   44   89    0.29835    0.05900  80.2%  81.3 1638s
 129769 29886    0.06951   73   40    0.29835    0.05900  80.2%  81.3 1643s
 130383 29997    0.11707   71   40    0.29835    0.05900  80.2%  81.3 1647s
 130754 30283    0.09692   51  102    0.29835    0.05900  80.2%  81.3 1652s
 131401 30320    0.05900   62   79    0.29835    0.05900  80.2%  81.2 1657s
 131607 30520    0.05900   64  152    0.29835    0.05900  80.2%  81.2 1662s
 132161 30708     cutoff   59         0.29835    0.05900  80.2%  81.2 1667s
 132757 30772     cutoff   88         0.29835    0.05900  80.2%  81.1 1671s
 132921 30941    0.05900   62   42    0.29835    0.05900  80.2%  81.0 1676s
 133423 31107 infeasible   69         0.29835    0.05900  80.2%  81.0 1681s
 133976 31121    0.06678   70   76    0.29835    0.05900  80.2%  81.0 1686s
 134259 31262    0.12773   69   64    0.29835    0.05900  80.2%  81.0 1691s
 134828 31377    0.26157   63   26    0.29835    0.05900  80.2%  81.0 1695s
 135107 31576    0.05900   75   45    0.29835    0.05900  80.2%  80.9 1700s
 135726 31664    0.19820   63   37    0.29835    0.05900  80.2%  80.9 1707s
 136051 31821    0.05900   58   89    0.29835    0.05900  80.2%  80.9 1713s
 136614 31962 infeasible   72         0.29835    0.05900  80.2%  80.9 1718s
 137022 32127 infeasible   82         0.29835    0.05900  80.2%  80.9 1724s
 137514 32192    0.22210  138  139    0.29835    0.05900  80.2%  80.9 1728s
 137796 32336    0.05900   73   65    0.29835    0.05900  80.2%  80.8 1734s
 138512 32486    0.05900   71   45    0.29835    0.05900  80.2%  80.8 1739s
 139022 32601    0.05900   62   81    0.29835    0.05900  80.2%  80.8 1744s
 139336 32821    0.05900   64   70    0.29835    0.05900  80.2%  80.7 1749s
 139950 33117    0.05900   79  117    0.29835    0.05900  80.2%  80.7 1755s
 140837 33339     cutoff   82         0.29835    0.05900  80.2%  80.6 1763s
 141448 33481     cutoff   67         0.29835    0.05900  80.2%  80.6 1768s
 142027 33504    0.10480   72   45    0.29835    0.05900  80.2%  80.5 1772s
 142265 33707     cutoff   73         0.29835    0.05900  80.2%  80.5 1777s
 142796 33881    0.19001   77   36    0.29835    0.05900  80.2%  80.5 1781s
H143145 33999                       0.2978909    0.05900  80.2%  80.4 1786s
 143576 34108    0.05900   73   50    0.29789    0.05900  80.2%  80.4 1790s
 143893 34320    0.05900   61   77    0.29789    0.05900  80.2%  80.4 1803s
H144197 34319                       0.2977333    0.05900  80.2%  80.3 1803s
 144358 34364    0.07041   64   42    0.29773    0.05900  80.2%  80.3 1807s
 144536 34447    0.13655   69   36    0.29773    0.05900  80.2%  80.3 1812s
 144767 34794    0.10863   89  129    0.29773    0.05900  80.2%  80.3 1817s
 145474 34909    0.21766   63  143    0.29773    0.05900  80.2%  80.2 1822s
 145795 35218    0.05900   72  155    0.29773    0.05900  80.2%  80.2 1827s
 146467 35226    0.27537   77   30    0.29773    0.05900  80.2%  80.1 1832s
 146627 35805    0.05900   73   41    0.29773    0.05900  80.2%  80.1 1848s
*147044 35503             252       0.2893189    0.05900  79.6%  80.1 1848s
 148237 35525     cutoff  112         0.28932    0.05900  79.6%  80.1 1852s
 148384 35631     cutoff   76         0.28932    0.05900  79.6%  80.1 1857s
 148752 35645     cutoff   86         0.28932    0.05900  79.6%  80.2 1860s
 148896 35818    0.05900   63   55    0.28932    0.05900  79.6%  80.2 1866s
 149451 36071     cutoff   83         0.28932    0.05900  79.6%  80.2 1870s
 149957 36100    0.08280   77  193    0.28932    0.05900  79.6%  80.2 1875s
 150300 36214    0.05900   59   63    0.28932    0.05900  79.6%  80.1 1880s
 150934 36529     cutoff   78         0.28932    0.05900  79.6%  80.2 1890s
*151497 36524             248       0.2892733    0.05900  79.6%  80.2 1890s
 151577 36704 infeasible   77         0.28927    0.05900  79.6%  80.2 1895s
 152207 36973 infeasible   80         0.28927    0.05900  79.6%  80.1 1903s
 152804 37008 infeasible   67         0.28927    0.05900  79.6%  80.1 1909s
 153124 37127 infeasible   70         0.28927    0.05900  79.6%  80.1 1914s
 153576 37163    0.06994   60  135    0.28927    0.05900  79.6%  80.1 1918s
 153737 37365 infeasible   69         0.28927    0.05900  79.6%  80.1 1924s
 154324 37536    0.21561   70   35    0.28927    0.05900  79.6%  80.1 1929s
 154862 37567    0.05900   69   57    0.28927    0.05900  79.6%  80.1 1932s
 155043 37642 infeasible   63         0.28927    0.05900  79.6%  80.1 1937s
 155543 37676    0.17548   89  121    0.28927    0.05900  79.6%  80.1 1942s
 155939 37748    0.05900   59   62    0.28927    0.05900  79.6%  80.2 1947s
 156200 37856    0.05900   65   53    0.28927    0.05900  79.6%  80.2 1952s
 156690 37947    0.13574   76   26    0.28927    0.05900  79.6%  80.2 1959s
 157033 38167    0.05900   61   41    0.28927    0.05900  79.6%  80.1 1966s
 157806 38200    0.05900   46   76    0.28927    0.05900  79.6%  80.1 1970s
 157961 38333 infeasible   73         0.28927    0.05900  79.6%  80.1 1975s
 158660 38424    0.05900   52   84    0.28927    0.05900  79.6%  80.1 1984s
 159096 38546    0.05900   61   79    0.28927    0.05900  79.6%  80.2 1990s
 159841 38741 infeasible   50         0.28927    0.05900  79.6%  80.1 1999s
 160321 38776    0.22756   69   40    0.28927    0.05900  79.6%  80.1 2003s
 160509 39199    0.05900   67   59    0.28927    0.05900  79.6%  80.1 2009s
 161264 39395    0.22478   68   26    0.28927    0.05900  79.6%  80.0 2013s
 161624 39464     cutoff   59         0.28927    0.05900  79.6%  80.0 2019s
 161938 39542    0.05900   89  153    0.28927    0.05900  79.6%  80.1 2024s
 162049 39739    0.07448  101  162    0.28927    0.05900  79.6%  80.1 2030s
 162502 39926    0.05900   65   76    0.28927    0.05900  79.6%  80.1 2036s
 163087 39986     cutoff   62         0.28927    0.05900  79.6%  80.1 2041s
 163323 40165     cutoff   72         0.28927    0.05900  79.6%  80.1 2046s
 163774 40305    0.20852  136  108    0.28927    0.05900  79.6%  80.2 2051s
 164009 40633    0.11648  104  111    0.28927    0.05900  79.6%  80.2 2056s
 164617 40774    0.05900   69  147    0.28927    0.05900  79.6%  80.1 2060s
H164663 40421                       0.2845800    0.05900  79.3%  80.1 2060s

Cutting planes:
  Learned: 1
  Gomory: 2
  Cover: 5
  Implied bound: 12
  Projected implied bound: 1
  Clique: 7
  MIR: 105
  Flow cover: 45
  RLT: 6
  Relax-and-lift: 25

Explored 164807 nodes (13207195 simplex iterations) in 2061.92 seconds
Thread count was 8 (of 8 available processors)

Solution count 10: 0.28458 0.289273 0.289319 ... 0.311475

Solve interrupted
Best objective 2.845800020129e-01, best bound 5.899687838430e-02, gap 79.2688%
