
Gurobi 9.1.1 (win64, Matlab) logging started Wed May 19 18:18:59 2021

Gurobi Optimizer version 9.1.1 build v9.1.1rc0 (win64)
Thread count: 4 physical cores, 8 logical processors, using up to 8 threads
Optimize a model with 2478 rows, 1239 columns and 150378 nonzeros
Model fingerprint: 0x2888952a
Variable types: 639 continuous, 600 integer (600 binary)
Coefficient statistics:
  Matrix range     [2e-09, 4e+00]
  Objective range  [1e+00, 1e+00]
  Bounds range     [1e+00, 1e+00]
  RHS range        [4e-06, 4e+00]
Presolve removed 1008 rows and 488 columns
Presolve time: 0.29s
Presolved: 1470 rows, 751 columns, 86473 nonzeros
Variable types: 395 continuous, 356 integer (356 binary)

Root relaxation: objective 1.983618e-01, 5277 iterations, 1.05 seconds

    Nodes    |    Current Node    |     Objective Bounds      |     Work
 Expl Unexpl |  Obj  Depth IntInf | Incumbent    BestBd   Gap | It/Node Time

     0     0    0.19836    0  181          -    0.19836      -     -    1s
     0     0    0.19903    0  214          -    0.19903      -     -    2s
     0     0    0.19916    0  214          -    0.19916      -     -    2s
     0     0    0.19978    0  226          -    0.19978      -     -    3s
     0     0    0.19993    0  230          -    0.19993      -     -    5s
     0     0    0.20170    0  194          -    0.20170      -     -    7s
     0     0    0.20202    0  200          -    0.20202      -     -    7s
     0     0    0.20218    0  211          -    0.20218      -     -    8s
     0     0    0.20220    0  212          -    0.20220      -     -    8s
     0     0    0.20227    0  221          -    0.20227      -     -    9s
     0     0    0.20228    0  213          -    0.20228      -     -    9s
     0     0    0.20229    0  211          -    0.20229      -     -    9s
     0     0    0.20229    0  211          -    0.20229      -     -    9s
     0     0    0.20232    0  211          -    0.20232      -     -   10s
     0     0    0.20232    0  210          -    0.20232      -     -   10s
     0     0    0.22725    0  215          -    0.22725      -     -   11s
     0     0    0.22725    0  211          -    0.22725      -     -   11s
     0     0    0.22725    0  216          -    0.22725      -     -   11s
     0     0    0.22725    0  218          -    0.22725      -     -   11s
     0     0    0.22725    0  220          -    0.22725      -     -   12s
     0     0    0.22725    0  220          -    0.22725      -     -   12s
     0     0    0.22725    0  220          -    0.22725      -     -   12s
     0     0    0.22725    0  219          -    0.22725      -     -   13s
     0     0    0.22725    0  217          -    0.22725      -     -   13s
     0     0    0.22725    0  217          -    0.22725      -     -   13s
     0     0    0.23427    0  215          -    0.23427      -     -   14s
     0     0    0.23427    0  219          -    0.23427      -     -   14s
     0     0    0.23427    0  221          -    0.23427      -     -   14s
     0     0    0.23427    0  220          -    0.23427      -     -   14s
     0     0    0.23427    0  221          -    0.23427      -     -   15s
H    0     0                       3.1495665    0.23427  92.6%     -   18s
     0     0    0.24347    0  221    3.14957    0.24347  92.3%     -   18s
     0     2    0.24347    0  221    3.14957    0.24347  92.3%     -   20s
H   28    21                       3.1495665    0.25247  92.0%   954   26s
    44    32    0.88494    8  230    3.14957    0.25666  91.9%   956   30s
    63    50    0.40486   11  189    3.14957    0.25666  91.9%   855   35s
   147    89    0.45116   17  179    3.14957    0.25666  91.9%   635   40s
   198   123    0.54910   22  183    3.14957    0.25666  91.9%   562   45s
   360   208    0.54805   39  182    3.14957    0.25666  91.9%   444   50s
   676   335     cutoff   86         3.14957    0.31715  89.9%   316   56s
   798   344    0.75546   12  162    3.14957    0.35735  88.7%   314   60s
  1007   423    2.16048   19  158    3.14957    0.40135  87.3%   314   66s
  1166   466 infeasible   12         3.14957    0.42510  86.5%   307   71s
  1302   566 infeasible   37         3.14957    0.43280  86.3%   311   75s
  1564   705    0.71321   47  174    3.14957    0.43870  86.1%   291   81s
  1744   733    2.37772   41  206    3.14957    0.44271  85.9%   285   86s
  1995   819    0.44956   50  139    3.14957    0.44639  85.8%   279   92s
  2148   820    1.67809    8  221    3.14957    0.44662  85.8%   270  111s
  2150   821    2.38309   12  181    3.14957    0.44662  85.8%   270  117s
  2151   822    3.09926   33  184    3.14957    0.44662  85.8%   270  125s
  2156   825    0.44662   15  184    3.14957    0.44662  85.8%   274  132s
  2158   828    2.20613   16  153    3.14957    0.44662  85.8%   277  135s
  2173   829    0.44662   19  183    3.14957    0.44662  85.8%   279  140s
  2270   861    0.44662   44  147    3.14957    0.44662  85.8%   275  145s
  2723  1033    0.56270   34  150    3.14957    0.44662  85.8%   241  150s
  2902  1107    2.42509   79  122    3.14957    0.44662  85.8%   232  156s
  3350  1266    0.95303   51  150    3.14957    0.44662  85.8%   211  160s
  3913  1486    2.16522   37  165    3.14957    0.44662  85.8%   194  165s
  4291  1480    3.08950   67  142    3.14957    0.44662  85.8%   188  170s
  4562  1691    2.62408  118  128    3.14957    0.44662  85.8%   183  175s
  5482  2303     cutoff   75         3.14957    0.44662  85.8%   161  180s
  6075  2657    0.88131   69  167    3.14957    0.44662  85.8%   152  185s
  6799  3290    0.48643   83   77    3.14957    0.44662  85.8%   143  191s
  7737  4009    0.54354   95   97    3.14957    0.44662  85.8%   131  195s
  8671  4971    1.97929   75  129    3.14957    0.44662  85.8%   123  200s
 10262  5604    0.49981   82  133    3.14957    0.44662  85.8%   110  207s
 10718  5697    0.44662   74  116    3.14957    0.44662  85.8%   108  210s
 11319  6184    1.76968  110  145    3.14957    0.44662  85.8%   106  215s
 11968  6426    0.46436   76   95    3.14957    0.44662  85.8%   104  234s
H12234  4870                       1.6041451    0.44662  72.2%   103  234s
H12505  4035                       1.2184828    0.44662  63.3%   102  234s
 12506  3954     cutoff  113         1.21848    0.44662  63.3%   102  237s
 12598  4278    0.49037   80  127    1.21848    0.44662  63.3%   102  240s
 13960  4730    0.50587  101  136    1.21848    0.44697  63.3%  97.6  245s
 14688  5240     cutoff   90         1.21848    0.44969  63.1%  95.4  250s
 16123  5772    0.89025   86  149    1.21848    0.45271  62.8%  90.4  255s
 17770  6743    0.86373  103  132    1.21848    0.45563  62.6%  85.7  261s
 18594  7084    0.94780   92  161    1.21848    0.45679  62.5%  83.8  265s
 20751  7819    0.62310  110  221    1.21848    0.45993  62.3%  79.1  478s
 20753  7820    0.52563   89  181    1.21848    0.45993  62.3%  79.1  486s
 20754  7821    0.47455   89  259    1.21848    0.45993  62.3%  79.1  490s
 20756  7822    1.14303  174  269    1.21848    0.45993  62.3%  79.1  498s
 20757  7823    0.50099   87  270    1.21848    0.45993  62.3%  79.1  502s
 20758  7824    0.54902   80  273    1.21848    0.45993  62.3%  79.1  507s
 20759  7824    0.47520   90  273    1.21848    0.45993  62.3%  79.1  515s
 20760  7825    0.47767   97  272    1.21848    0.45993  62.3%  79.0  522s
 20761  7826    0.50953   89  271    1.21848    0.45993  62.3%  79.0  531s
 20763  7827    0.54120  117  272    1.21848    0.45993  62.3%  79.0  535s
 20767  7830    0.49246   60  273    1.21848    0.45993  62.3%  79.0  543s
 20769  7831    0.53984  142  273    1.21848    0.45993  62.3%  79.0  547s
 20771  7832    1.08304   95  273    1.21848    0.45993  62.3%  79.0  552s
 20772  7833    0.51551  117  273    1.21848    0.45993  62.3%  79.0  556s
 20774  7836    0.45993   23  272    1.21848    0.45993  62.3%  79.4  564s
 20776  7835     cutoff   24         1.21848    0.45993  62.3%  79.8  569s
 20779  7834    0.45993   25  269    1.21848    0.45993  62.3%  79.8  575s
 20781  7833     cutoff   26         1.21848    0.45993  62.3%  80.2  580s
 20783  7832    0.45993   27  263    1.21848    0.45993  62.3%  80.2  585s
 20787  7831     cutoff   29         1.21848    0.45993  62.3%  80.8  592s
 20789  7832    0.45993   30  258    1.21848    0.45993  62.3%  80.9  597s
 20795  7837    0.45993   32  256    1.21848    0.45993  62.3%  81.0  600s
 20840  7855    0.96731   41  124    1.21848    0.45993  62.3%  81.1  606s
 20907  7900    0.75994   33  195    1.21848    0.45993  62.3%  81.1  611s
 21060  7998    0.84598   39  188    1.21848    0.45993  62.3%  81.3  615s
 21308  8072    0.45993   54  210    1.21848    0.45993  62.3%  81.4  621s
 21499  8133     cutoff   35         1.21848    0.45993  62.3%  81.6  625s
 21556  8190    0.45993   50  199    1.21848    0.45993  62.3%  81.8  631s
 21661  8211    0.45993   60  177    1.21848    0.45993  62.3%  82.4  635s
 21973  8444    0.45993   79  163    1.21848    0.45993  62.3%  82.8  640s
 22340  8545    0.90047   36  192    1.21848    0.45993  62.3%  83.1  645s
 22545  8498 infeasible   68         1.21848    0.45993  62.3%  83.6  651s
 22634  8481    0.50084   65  125    1.21848    0.45993  62.3%  84.6  655s
 22671  8494     cutoff   70         1.21848    0.45993  62.3%  85.5  661s
 22802  8526    0.82664   86  117    1.21848    0.45993  62.3%  86.1  665s
 23203  8632 infeasible   74         1.21848    0.45993  62.3%  85.9  672s
 23278  8693 infeasible   55         1.21848    0.45993  62.3%  86.4  676s
H23396  7950                       0.8418440    0.45993  45.4%  86.5  680s
 23490  7985    0.45993   65  210    0.84184    0.45993  45.4%  87.5  685s
 23663  8047 infeasible  132         0.84184    0.45993  45.4%  88.0  690s
 23820  8064    0.45993   47  222    0.84184    0.45993  45.4%  89.0  695s
H23884  7671                       0.8418439    0.45993  45.4%  89.2  695s
 23912  7663 infeasible   53         0.84184    0.45993  45.4%  90.7  700s
 24007  7705    0.65965   63  205    0.84184    0.45993  45.4%  92.1  706s
 24059  7719     cutoff   70         0.84184    0.45993  45.4%  92.6  710s
H24154  6752                       0.5376113    0.45993  14.5%  93.5  714s
 24175  6753    0.45993   46  228    0.53761    0.45993  14.5%  93.9  718s
H24183  6410                       0.5357213    0.45993  14.1%  94.0  718s
 24207  6496     cutoff   47         0.53572    0.45993  14.1%  94.1  721s
 24394  6463    0.45993   53  219    0.53572    0.45993  14.1%  94.3  725s
 24624  6485    0.48915   73  199    0.53572    0.45993  14.1%  95.6  734s
 24693  6503     cutoff   82         0.53572    0.45993  14.1%  96.1  737s
 24800  6496    0.45993   53  192    0.53572    0.45993  14.1%  96.7  741s
 24933  6464 infeasible   47         0.53572    0.45993  14.1%  97.6  745s
 25067  6509 infeasible   67         0.53572    0.45993  14.1%   100  752s
 25243  6501    0.45993   54  240    0.53572    0.45993  14.1%   100  756s
 25354  6478     cutoff   57         0.53572    0.45993  14.1%   101  760s
 25408  6464    0.45993   53  203    0.53572    0.45993  14.1%   102  765s
 25462  6453     cutoff   63         0.53572    0.45993  14.1%   103  771s
H25468  6130                       0.5336071    0.45993  13.8%   103  771s
 25511  6114 infeasible   55         0.53361    0.45993  13.8%   104  776s
 25556  6142     cutoff   49         0.53361    0.45993  13.8%   105  781s
 25688  6206    0.45993   58  172    0.53361    0.45993  13.8%   106  786s
 25863  6148    0.45993   67  173    0.53361    0.45993  13.8%   106  801s
 25875  6189    0.45993   68  165    0.53361    0.45993  13.8%   107  807s
 25987  6285    0.46717   93  175    0.53361    0.45993  13.8%   107  812s
 26256  6309     cutoff   70         0.53361    0.45993  13.8%   108  819s
 26497  6286     cutoff   74         0.53361    0.45993  13.8%   109  824s
 26657  6327    0.45993   61  178    0.53361    0.45993  13.8%   109  830s
 26868  6234     cutoff   50         0.53361    0.45993  13.8%   110  837s
 26907  6270    0.45993   55  201    0.53361    0.45993  13.8%   112  846s
 27027  6323    0.45993   50  170    0.53361    0.45993  13.8%   113  852s
 27284  6246     cutoff   51         0.53361    0.45993  13.8%   114  859s
 27387  6217 infeasible   61         0.53361    0.45993  13.8%   116  866s
 27480  6376     cutoff   69         0.53361    0.45993  13.8%   117  873s
 27813  6470    0.48400   90  139    0.53361    0.45993  13.8%   117  880s
 28175  6384 infeasible   58         0.53361    0.45993  13.8%   118  888s
 28395  6361 infeasible   55         0.53361    0.45993  13.8%   120  896s
 28584  6477    0.45993   67  170    0.53361    0.45993  13.8%   121  905s
 29004  6394     cutoff   65         0.53361    0.45993  13.8%   122  914s
 29231  6627    0.45993   64  206    0.53361    0.45993  13.8%   122  923s
 29896  6749 infeasible   61         0.53361    0.45993  13.8%   122  931s
 30461  6770    0.45993   69  155    0.53361    0.45993  13.8%   121  941s
 30946  7154    0.45993   62  208    0.53361    0.45993  13.8%   122  951s
 31900  7061    0.46060   67  186    0.53361    0.45993  13.8%   121  965s
 32346  7196    0.45993   60  166    0.53361    0.45993  13.8%   122  977s
 32927  7220    0.47094   80  131    0.53361    0.45993  13.8%   123  985s
 33382  7489    0.49937  130  148    0.53361    0.45993  13.8%   123  994s
 34209  7359    0.45993   65  162    0.53361    0.45993  13.8%   122 1002s
 34465  7500    0.45993   66  174    0.53361    0.45993  13.8%   122 1011s
 34950  7470 infeasible   78         0.53361    0.45993  13.8%   123 1019s
 35214  7738    0.45993   66  150    0.53361    0.45993  13.8%   123 1029s
 35885  7713     cutoff   62         0.53361    0.45993  13.8%   122 1037s
 36371  7593    0.47013   80  166    0.53361    0.45993  13.8%   123 1043s
 36628  7932    0.45993   68  162    0.53361    0.45993  13.8%   123 1050s
 37352  7910    0.46954   74  156    0.53361    0.45993  13.8%   122 1057s
 37755  7962    0.45993   73  185    0.53361    0.45993  13.8%   122 1064s
 38235  8018 infeasible   66         0.53361    0.45993  13.8%   122 1072s
H38641  7778                       0.5321926    0.45993  13.6%   122 1082s
H38646  7760                       0.5297313    0.45993  13.2%   122 1082s
 38653  7824 infeasible   74         0.52973    0.45993  13.2%   122 1090s
 38781  8005    0.50525   91  176    0.52973    0.45993  13.2%   122 1098s
 39172  8693    0.45993   71  165    0.52973    0.45993  13.2%   122 1105s
 40270  8917    0.50296  102  168    0.52973    0.45993  13.2%   120 1111s
 40755  8995     cutoff   69         0.52973    0.45993  13.2%   120 1117s
 40963  9228    0.51979  122   85    0.52973    0.45993  13.2%   121 1124s
 41407  9284     cutoff   75         0.52973    0.45993  13.2%   121 1130s
 41647  9284 infeasible  117         0.52973    0.45993  13.2%   121 1136s
 41759  9536     cutoff   66         0.52973    0.45993  13.2%   122 1145s
 42275  9576     cutoff   71         0.52973    0.45993  13.2%   122 1156s
 42486  9945    0.48112   73  151    0.52973    0.45993  13.2%   123 1176s
 43535 10005    0.45993   74  220    0.52973    0.45993  13.2%   124 1185s
 43704 10251    0.45993   70  162    0.52973    0.45993  13.2%   124 1195s
 44341 10351 infeasible   64         0.52973    0.45993  13.2%   124 1206s
H44342 10347                       0.5296513    0.45993  13.2%   124 1206s
 44537 10395    0.49676   86  186    0.52965    0.45993  13.2%   124 1215s
 44755 10588    0.45993   83  165    0.52965    0.45993  13.2%   125 1225s
 45401 10647    0.48087   82  166    0.52965    0.45993  13.2%   125 1233s
 45659 10773    0.50427   74  189    0.52965    0.45993  13.2%   125 1241s
 46188 10786 infeasible   78         0.52965    0.45993  13.2%   126 1250s
 46408 10952    0.45993   81  134    0.52965    0.45993  13.2%   126 1260s
 46893 11032    0.45993   73  182    0.52965    0.45993  13.2%   126 1269s
 47165 11268    0.46104   82  137    0.52965    0.45993  13.2%   126 1279s
 47855 11352 infeasible   71         0.52965    0.45993  13.2%   126 1287s
 48267 11315     cutoff   75         0.52965    0.45993  13.2%   127 1296s
 48462 11418    0.45993   69  197    0.52965    0.45993  13.2%   127 1304s
 48854 11446    0.47836   74  212    0.52965    0.45993  13.2%   127 1313s
 49116 11443 infeasible   74         0.52965    0.45993  13.2%   128 1322s
 49511 11428     cutoff   70         0.52965    0.45993  13.2%   129 1331s
 49709 11403     cutoff   76         0.52965    0.45993  13.2%   129 1342s
 49916 11437     cutoff   75         0.52965    0.45993  13.2%   130 1351s
 50197 11525    0.45993   70  180    0.52965    0.45993  13.2%   130 1360s
 50529 11553    0.47272   77  181    0.52965    0.45993  13.2%   131 1372s
 50875 11537 infeasible   83         0.52965    0.45993  13.2%   131 1382s
 51049 11509     cutoff   75         0.52965    0.45993  13.2%   131 1392s
 51278 11601    0.49579   96  124    0.52965    0.45993  13.2%   132 1402s
 51867 11621    0.46229   79  189    0.52965    0.45993  13.2%   132 1412s
 52111 11766    0.46939   73  169    0.52965    0.45993  13.2%   132 1423s
 52680 11838 infeasible   81         0.52965    0.45993  13.2%   133 1435s
 52930 12437    0.46131   76  166    0.52965    0.45993  13.2%   133 1452s
 54377 12470 infeasible   65         0.52965    0.45993  13.2%   132 1457s
 54482 12674    0.51440   96  147    0.52965    0.45993  13.2%   132 1463s
 55060 12837    0.47771   83  157    0.52965    0.45993  13.2%   132 1468s
 55492 12866     cutoff   80         0.52965    0.45993  13.2%   132 1473s
 55635 13054 infeasible   77         0.52965    0.45993  13.2%   132 1480s
 56062 13154     cutoff  106         0.52965    0.45993  13.2%   132 1486s
 56381 13342    0.46606   78  142    0.52965    0.45993  13.2%   132 1492s
 56775 13533    0.46035   77  164    0.52965    0.45993  13.2%   131 1498s
 57377 13594    0.49135   84  144    0.52965    0.45993  13.2%   131 1504s
 57635 13652    0.45993   77  148    0.52965    0.45993  13.2%   131 1510s
 57808 14108    0.46997   75  184    0.52965    0.45993  13.2%   131 1517s
 58613 14147 infeasible   74         0.52965    0.45993  13.2%   130 1523s
 58780 14273    0.47801   83  127    0.52965    0.45993  13.2%   130 1528s
 59298 14343 infeasible   69         0.52965    0.45993  13.2%   130 1534s
 59548 14522    0.45993   72  151    0.52965    0.45993  13.2%   130 1541s
 60046 14567    0.45993   78  153    0.52965    0.45993  13.2%   130 1549s
 60251 14750     cutoff   81         0.52965    0.45993  13.2%   130 1561s
 60706 14880    0.45993   76  158    0.52965    0.45993  13.2%   130 1570s
 61033 14932    0.46581   81  169    0.52965    0.45993  13.2%   130 1582s
 61287 15067    0.49676   87  158    0.52965    0.45993  13.2%   130 1590s
 61613 15387    0.46249   91  169    0.52965    0.45993  13.2%   130 1603s
 62340 15602    0.49007   86  151    0.52965    0.45993  13.2%   129 1610s
 62791 15898 infeasible   78         0.52965    0.45993  13.2%   128 1622s
 63456 16151    0.46381   73  176    0.52965    0.45993  13.2%   128 1641s
 64222 16240     cutoff   87         0.52965    0.45993  13.2%   128 1646s
 64442 16545    0.50308   89  164    0.52965    0.45993  13.2%   127 1657s
 65109 16639    0.45993   81  140    0.52965    0.45993  13.2%   127 1666s
 65390 16847     cutoff   68         0.52965    0.45993  13.2%   127 1676s
 65919 16876     cutoff   77         0.52965    0.45993  13.2%   127 1683s
 66039 17186    0.48397   87  179    0.52965    0.45993  13.2%   127 1696s
 66692 17264    0.50032   85  107    0.52965    0.45993  13.2%   126 1704s
 66902 17402     cutoff   86         0.52965    0.45993  13.2%   126 1713s
 67365 17452    0.51538   85   99    0.52965    0.45993  13.2%   126 1719s
 67586 17530     cutoff   90         0.52965    0.45993  13.2%   126 1728s
 67954 17708     cutoff   82         0.52965    0.45993  13.2%   126 1739s
 68453 17722     cutoff   73         0.52965    0.45993  13.2%   126 1748s
 68555 17907    0.45993   80  142    0.52965    0.45993  13.2%   126 1757s
 69013 17925    0.45993   81  152    0.52965    0.45993  13.2%   126 1765s
 69166 18103    0.47207   78  169    0.52965    0.45993  13.2%   126 1776s
 69667 18153     cutoff   82         0.52965    0.45993  13.2%   125 1785s
 69969 18224    0.51050   95  109    0.52965    0.45993  13.2%   125 1794s
 70198 18431     cutoff   83         0.52965    0.45993  13.2%   125 1805s
 70736 18451     cutoff   84         0.52965    0.45993  13.2%   125 1812s
 70872 18730    0.52442   95  127    0.52965    0.45993  13.2%   125 1822s
 71539 18897    0.47663   81  147    0.52965    0.45993  13.2%   124 1830s
 71907 19089    0.47867   84  160    0.52965    0.45993  13.2%   124 1841s
 72337 19187     cutoff  123         0.52965    0.45993  13.2%   124 1847s
 72601 19388     cutoff   74         0.52965    0.45993  13.2%   124 1857s
 73153 19508    0.50844   85  167    0.52965    0.45993  13.2%   124 1865s
 73514 19560     cutoff   78         0.52965    0.45993  13.2%   123 1874s
 73754 19595    0.49093   81  118    0.52965    0.45993  13.2%   123 1889s
 74060 19699    0.47970   81  179    0.52965    0.45993  13.2%   123 1907s
 74666 19801     cutoff   83         0.52965    0.45993  13.2%   123 1920s
 75095 20039 infeasible   79         0.52965    0.45993  13.2%   123 1937s
 75960 20074    0.46976   75  172    0.52965    0.45993  13.2%   123 1947s
 76193 20249    0.49486   92  167    0.52965    0.45993  13.2%   123 1960s
 76872 20276    0.46060   79  147    0.52965    0.45993  13.2%   122 1970s
 77127 20401 infeasible   76         0.52965    0.45993  13.2%   122 1983s
 77741 20451    0.45993   64  192    0.52965    0.45993  13.2%   122 1990s
 77944 20454     cutoff   83         0.52965    0.45993  13.2%   122 2014s
 77949 20511    0.46545   84  154    0.52965    0.45993  13.2%   122 2022s
 78118 20624    0.51223   70  213    0.52965    0.45993  13.2%   122 2035s
 78632 20816    0.46529   73  188    0.52965    0.45993  13.2%   122 2048s
 79347 20819    0.51287  108  162    0.52965    0.45993  13.2%   122 2057s
 79520 20881    0.47013   94  162    0.52965    0.45993  13.2%   122 2068s
 79972 20944    0.48240   78  142    0.52965    0.45993  13.2%   122 2076s
 80210 21061    0.47016   81  176    0.52965    0.45993  13.2%   122 2088s
 80788 21287     cutoff   66         0.52965    0.45993  13.2%   121 2099s
 81498 21310    0.52190   76  134    0.52965    0.45993  13.2%   121 2107s
 81694 21379     cutoff   91         0.52965    0.45993  13.2%   121 2118s
 82175 21495    0.47151   82  165    0.52965    0.45993  13.2%   121 2129s
 82641 21497    0.50242   85  185    0.52965    0.45993  13.2%   121 2137s
 82802 21565    0.47901   76  185    0.52965    0.45993  13.2%   121 2148s
 83285 21605    0.46902   76  155    0.52965    0.45993  13.2%   121 2157s
 83515 21710    0.47634   82  168    0.52965    0.45993  13.2%   120 2170s
 84059 21825    0.49238   83  135    0.52965    0.45993  13.2%   120 2187s
 84590 21834 infeasible   79         0.52965    0.46005  13.1%   120 2195s
 84794 21907    0.49060   86   98    0.52965    0.46027  13.1%   120 2210s
 85359 21934    0.51285   85  138    0.52965    0.46061  13.0%   120 2221s
 85602 22155    0.46120   79  165    0.52965    0.46072  13.0%   120 2235s
 86271 22258    0.49586   74  200    0.52965    0.46086  13.0%   120 2244s
 86555 22388     cutoff   72         0.52965    0.46099  13.0%   120 2256s
 87165 22480    0.52131  118  135    0.52965    0.46133  12.9%   120 2268s
 87684 22519    0.48608   48  222    0.52965    0.46154  12.9%   120 2276s
 87849 22579    0.51475  101  113    0.52965    0.46157  12.9%   120 2289s
 88311 22566 infeasible   73         0.52965    0.46180  12.8%   120 2298s
 88585 22544 infeasible   73         0.52965    0.46196  12.8%   120 2308s
 88831 22636     cutoff   81         0.52965    0.46215  12.7%   120 2319s
 89335 22619    0.50198   80  161    0.52965    0.46236  12.7%   120 2328s
 89492 22665    0.47984   50  216    0.52965    0.46262  12.7%   120 2340s
 89899 22684 infeasible   83         0.52965    0.46282  12.6%   120 2349s
 90114 22718    0.47612   78  203    0.52965    0.46295  12.6%   120 2363s
 90642 22712     cutoff   78         0.52965    0.46327  12.5%   120 2371s
 90848 22712     cutoff   79         0.52965    0.46346  12.5%   120 2384s
 91328 22706 infeasible   77         0.52965    0.46362  12.5%   120 2393s
 91538 22696    0.51586   77  176    0.52965    0.46380  12.4%   120 2402s
 91724 22719    0.47576   75  130    0.52965    0.46396  12.4%   120 2413s
 91941 22723    0.48195   79  125    0.52965    0.46407  12.4%   120 2425s
 92334 22739 infeasible   87         0.52965    0.46432  12.3%   120 2436s
 92629 22770    0.50003   91  161    0.52965    0.46449  12.3%   120 2449s
 93162 22788    0.47168   83  142    0.52965    0.46479  12.2%   120 2460s
 93380 22739    0.47481   89  163    0.52965    0.46497  12.2%   120 2473s
 93844 22686     cutoff   73         0.52965    0.46534  12.1%   120 2483s
 94064 22691 infeasible   76         0.52965    0.46559  12.1%   120 2493s
 94292 22726     cutoff   80         0.52965    0.46573  12.1%   120 2508s
 94863 22732    0.47930   84  142    0.52965    0.46607  12.0%   120 2521s
 95046 23138    0.48464   80  204    0.52965    0.46630  12.0%   120 2557s
 97046 23129     cutoff   85         0.52965    0.46682  11.9%   120 2563s
 97136 23142 infeasible   91         0.52965    0.46683  11.9%   120 2568s
 97278 23133 infeasible   98         0.52965    0.46687  11.9%   120 2577s
 97536 23142     cutoff   72         0.52965    0.46712  11.8%   120 2585s
 97698 23159 infeasible   83         0.52965    0.46728  11.8%   120 2596s
 98008 23162    0.50881  100  132    0.52965    0.46745  11.7%   120 2606s
 98232 23138     cutoff   93         0.52965    0.46754  11.7%   120 2618s
 98606 23135 infeasible   88         0.52965    0.46790  11.7%   120 2627s
 98688 23113    0.48719   75  190    0.52965    0.46792  11.7%   120 2637s
 98882 23185    0.50149   84  157    0.52965    0.46801  11.6%   120 2650s
 99521 23222    0.49753   79  133    0.52965    0.46838  11.6%   120 2659s
 99742 23323    0.49687   69  151    0.52965    0.46850  11.5%   120 2671s
 100229 23328    0.51531  115  106    0.52965    0.46881  11.5%   120 2683s
 100503 23354 infeasible   82         0.52965    0.46897  11.5%   120 2695s
 100922 23363    0.51168   92  151    0.52965    0.46914  11.4%   120 2705s
 101232 23354 infeasible   84         0.52965    0.46932  11.4%   120 2717s
 101628 23423    0.48696   80  148    0.52965    0.46956  11.3%   120 2726s
 101945 23459     cutoff   79         0.52965    0.46968  11.3%   120 2739s
 102434 23419     cutoff   83         0.52965    0.46974  11.3%   120 2749s
 102637 23443    0.47522   74  165    0.52965    0.46997  11.3%   120 2759s
 102908 23510    0.47966   68  172    0.52965    0.47007  11.2%   120 2772s
 103493 23507    0.47928   98  160    0.52965    0.47028  11.2%   120 2782s
 103673 23529    0.51579   83  111    0.52965    0.47039  11.2%   120 2794s
 104107 23577    0.48944   78  168    0.52965    0.47059  11.2%   120 2803s
 104422 23670     cutoff   86         0.52965    0.47072  11.1%   120 2816s
 104984 23659    0.48835   96  157    0.52965    0.47100  11.1%   120 2827s
 105188 23671    0.52654   74  113    0.52965    0.47123  11.0%   120 2840s
 105463 23740    0.51987   82  110    0.52965    0.47137  11.0%   120 2863s
 106257 23734 infeasible   88         0.52965    0.47174  10.9%   120 2874s
 106453 23723     cutoff  104         0.52965    0.47178  10.9%   120 2885s
 106554 23754    0.49851   83  108    0.52965    0.47195  10.9%   120 2899s
 106859 23851    0.49755  101  155    0.52965    0.47207  10.9%   120 2918s
 107609 23877 infeasible   73         0.52965    0.47236  10.8%   120 2931s
 108073 23858    0.49075   78  181    0.52965    0.47268  10.8%   120 2945s
 108478 23836     cutoff   79         0.52965    0.47282  10.7%   120 2957s
 108787 23875    0.51441   91   87    0.52965    0.47305  10.7%   120 2973s
 109414 23872     cutoff   77         0.52965    0.47329  10.6%   120 2983s
 109609 23900    0.50025   86  150    0.52965    0.47342  10.6%   120 2995s
 110061 23897    0.50179   84  112    0.52965    0.47361  10.6%   120 3011s
 110592 23918 infeasible   79         0.52965    0.47397  10.5%   120 3023s
 110866 24045    0.50207  103  133    0.52965    0.47408  10.5%   120 3038s
 111540 24028    0.52346  112  154    0.52965    0.47431  10.4%   120 3049s
 111928 24067    0.49865   81  124    0.52965    0.47449  10.4%   120 3064s
 112602 24024     cutoff   86         0.52965    0.47480  10.4%   120 3075s
 112815 24036 infeasible   75         0.52965    0.47506  10.3%   120 3089s
 113261 24034     cutoff   86         0.52965    0.47528  10.3%   120 3098s
 113542 23980    0.48332   63  190    0.52965    0.47544  10.2%   120 3113s
 114070 23994    0.48689   96  130    0.52965    0.47583  10.2%   120 3125s
 114418 23961    0.48310   79  155    0.52965    0.47601  10.1%   120 3138s
 114776 23933     cutoff   76         0.52965    0.47625  10.1%   120 3148s
 115030 23930     cutoff   79         0.52965    0.47639  10.1%   120 3162s
 115647 23945 infeasible   78         0.52965    0.47676  10.0%   120 3173s
 115959 23907    0.48534   88  170    0.52965    0.47689  10.0%   120 3190s
 116494 23901    0.50575   86  103    0.52965    0.47720  9.90%   120 3200s
 116721 23911 infeasible  103         0.52965    0.47742  9.86%   120 3214s
 117138 23866     cutoff   82         0.52965    0.47766  9.82%   120 3224s
 117397 23849    0.49596   90  143    0.52965    0.47778  9.79%   120 3238s
 117839 23871    0.49834   79  125    0.52965    0.47797  9.76%   120 3250s
 118200 23877     cutoff   89         0.52965    0.47809  9.74%   120 3267s
 118838 23832     cutoff   89         0.52965    0.47842  9.67%   120 3281s
 119107 23841     cutoff   84         0.52965    0.47857  9.64%   120 3293s
 119336 23889    0.51293  108  118    0.52965    0.47868  9.62%   120 3309s
 120080 23852    0.51249   81  180    0.52965    0.47897  9.57%   120 3318s
 120354 23872     cutoff   73         0.52965    0.47916  9.53%   120 3334s
 120916 23857 infeasible   83         0.52965    0.47941  9.48%   120 3344s
 120959 23826     cutoff   76         0.52965    0.47944  9.48%   120 3356s
 121191 23791    0.48011   87  178    0.52965    0.47953  9.46%   120 3368s
 121391 23764     cutoff   79         0.52965    0.47969  9.43%   120 3380s
 121693 23686    0.50274   77  172    0.52965    0.47976  9.42%   120 3392s
 122009 23647     cutoff  112         0.52965    0.48001  9.37%   120 3404s
 122259 23650 infeasible   84         0.52965    0.48013  9.35%   120 3420s
 122903 23597    0.48824   68  167    0.52965    0.48039  9.30%   120 3433s
 123180 23549    0.51502  105  166    0.52965    0.48058  9.27%   120 3444s
 123437 23481    0.50677   62  216    0.52965    0.48067  9.25%   120 3456s
 123753 23434     cutoff   84         0.52965    0.48092  9.20%   120 3469s
 124076 23436    0.50301  106  148    0.52965    0.48102  9.18%   120 3482s
 124560 23414    0.51518   92  134    0.52965    0.48123  9.14%   120 3494s
 124923 23369 infeasible   95         0.52965    0.48150  9.09%   120 3506s
 125271 23319    0.48783   60  215    0.52965    0.48163  9.07%   120 3519s
 125641 23242 infeasible   84         0.52965    0.48187  9.02%   120 3535s
 126131 23154    0.51238   88  167    0.52965    0.48213  8.97%   120 3547s
 126372 23127 infeasible   77         0.52965    0.48234  8.93%   120 3559s
 126666 23148    0.49692   83  138    0.52965    0.48244  8.91%   120 3576s
 127406 23145     cutoff   83         0.52965    0.48276  8.85%   120 3589s
 127698 23138    0.52015   94  162    0.52965    0.48298  8.81%   120 3605s
 128493 23117    0.49184   98  149    0.52965    0.48332  8.75%   120 3617s
 128811 23062 infeasible   84         0.52965    0.48344  8.72%   120 3632s
 129406 23031 infeasible   75         0.52965    0.48371  8.67%   120 3644s
 129667 23001 infeasible   87         0.52965    0.48383  8.65%   120 3660s
 130110 22965 infeasible   80         0.52965    0.48397  8.63%   120 3672s
 130441 22975    0.51654   80   80    0.52965    0.48416  8.59%   120 3687s
 131061 22934     cutoff   80         0.52965    0.48434  8.56%   120 3700s
 131387 23046    0.51278   90  152    0.52965    0.48453  8.52%   120 3714s
 132108 23001    0.51511   97  134    0.52965    0.48476  8.48%   120 3727s
 132383 23013    0.49948   88  175    0.52965    0.48488  8.45%   120 3750s
 133502 23008    0.50268  104  142    0.52965    0.48525  8.38%   120 3757s
 133729 23001     cutoff   97         0.52965    0.48533  8.37%   120 3766s
 133910 23024    0.49636   86  152    0.52965    0.48540  8.36%   120 3776s
 134240 23079    0.50933  108  137    0.52965    0.48550  8.34%   120 3789s
 134863 23096    0.49487   85  139    0.52965    0.48582  8.28%   120 3799s
 135124 23188    0.50356   76  192    0.52965    0.48587  8.27%   120 3811s
 135711 23149 infeasible  103         0.52965    0.48603  8.24%   119 3819s
 135933 23093    0.50319   96  147    0.52965    0.48616  8.21%   120 3829s
 136221 23150    0.50678  102  128    0.52965    0.48631  8.18%   119 3841s
 136769 23113     cutoff   84         0.52965    0.48652  8.14%   119 3852s
 136982 23165    0.49928  106  157    0.52965    0.48667  8.12%   119 3863s
 137530 23160    0.49174   77  125    0.52965    0.48684  8.08%   119 3872s
 137792 23227    0.51040   90  139    0.52965    0.48697  8.06%   119 3885s
 138485 23192    0.52088  112  152    0.52965    0.48713  8.03%   119 3895s
 138804 23141    0.51400   99  173    0.52965    0.48731  8.00%   119 3906s
 139234 23167     cutoff   91         0.52965    0.48758  7.94%   119 3915s
 139386 23267     cutoff   77         0.52965    0.48760  7.94%   119 3928s
 140025 23240     cutoff   80         0.52965    0.48776  7.91%   119 3937s
 140316 23207    0.50583   93  130    0.52965    0.48791  7.88%   119 3949s
 140734 23206    0.51751   89  109    0.52965    0.48808  7.85%   119 3967s
 140743 23241    0.52430   90  119    0.52965    0.48809  7.85%   119 3975s
 140949 23305     cutoff   84         0.52965    0.48813  7.84%   119 3987s
 141531 23270 infeasible  104         0.52965    0.48827  7.81%   119 3996s
 141771 23274    0.51016  106  139    0.52965    0.48843  7.78%   119 4006s
 142106 23273    0.50992   87  139    0.52965    0.48860  7.75%   119 4018s
 142663 23271    0.50776  109  125    0.52965    0.48874  7.72%   118 4032s
 142874 23542 infeasible   85         0.52965    0.48887  7.70%   118 4062s
 144512 23549    0.50437   96  131    0.52965    0.48923  7.63%   118 4068s
 144730 23531 infeasible   96         0.52965    0.48928  7.62%   118 4078s
 145018 23506    0.51441  120  139    0.52965    0.48938  7.60%   118 4087s
 145260 23606    0.51994  105  137    0.52965    0.48946  7.59%   118 4098s
 145734 23608     cutoff  111         0.52965    0.48955  7.57%   118 4106s
 145880 23711    0.52044  112  136    0.52965    0.48962  7.56%   118 4117s
 146435 23710     cutoff   84         0.52965    0.48973  7.54%   118 4126s
 146637 23812    0.51207   91  141    0.52965    0.48979  7.53%   118 4138s
 147267 23755    0.52026  110  150    0.52965    0.48997  7.49%   118 4148s
 147507 23808    0.51109   88  144    0.52965    0.49007  7.47%   118 4158s
 147800 23853    0.51078   98  166    0.52965    0.49016  7.46%   118 4169s
 148474 23925    0.50157   86  174    0.52965    0.49034  7.42%   117 4178s
 148750 23931    0.51739  113  142    0.52965    0.49040  7.41%   117 4188s
 149235 24013     cutoff   94         0.52965    0.49051  7.39%   117 4199s
 149829 23944    0.50639   93  156    0.52965    0.49075  7.35%   117 4208s
 150116 24000    0.50649  102  163    0.52965    0.49084  7.33%   117 4216s
 150536 24077     cutoff   97         0.52965    0.49099  7.30%   117 4226s
 151185 24077     cutoff   82         0.52965    0.49114  7.27%   117 4233s
 151392 24123    0.51856  104  143    0.52965    0.49120  7.26%   117 4243s
 151965 24072    0.51520   54  206    0.52965    0.49138  7.23%   116 4251s
 152216 24043    0.52654   87  131    0.52965    0.49151  7.20%   116 4260s
 152517 24030    0.51587   90  131    0.52965    0.49160  7.18%   116 4270s
 152920 24065 infeasible  119         0.52965    0.49175  7.16%   116 4280s
 153149 24179    0.51838  109  144    0.52965    0.49181  7.14%   116 4297s
 154203 24164    0.49267  100  132    0.52965    0.49206  7.10%   116 4302s
 154363 24206 infeasible   82         0.52965    0.49211  7.09%   116 4309s
 154596 24316    0.51866  112  150    0.52965    0.49214  7.08%   116 4317s
 155151 24320     cutoff  102         0.52965    0.49226  7.06%   116 4324s
 155384 24341    0.49551  108  150    0.52965    0.49235  7.04%   116 4331s
 155544 24409    0.50134  107  156    0.52965    0.49238  7.04%   116 4339s
 156067 24435     cutoff  103         0.52965    0.49251  7.01%   115 4346s
 156321 24426    0.52453  113  156    0.52965    0.49258  7.00%   115 4353s
 156672 24465    0.50443   88  146    0.52965    0.49267  6.98%   115 4360s
 156936 24554    0.50263   83  126    0.52965    0.49277  6.96%   115 4370s
 157401 24596 infeasible   88         0.52965    0.49283  6.95%   115 4378s
 157657 24663 infeasible   83         0.52965    0.49289  6.94%   115 4387s
 158317 24668    0.52406  111  136    0.52965    0.49300  6.92%   115 4395s
 158527 24729    0.51702  111  143    0.52965    0.49305  6.91%   115 4403s
 159074 24760     cutoff  101         0.52965    0.49319  6.88%   115 4410s
 159288 24875    0.51891   93  107    0.52965    0.49325  6.87%   115 4419s
 159853 24894     cutoff   77         0.52965    0.49330  6.86%   114 4427s
 160059 24978 infeasible   84         0.52965    0.49337  6.85%   114 4436s
 160646 24991    0.51258   86  137    0.52965    0.49351  6.82%   114 4455s
 160735 24962     cutoff   94         0.52965    0.49351  6.82%   114 4462s
 160958 25033 infeasible   98         0.52965    0.49357  6.81%   114 4469s
 161219 25111    0.51167   88  150    0.52965    0.49362  6.80%   114 4479s
 161787 25112     cutoff   89         0.52965    0.49373  6.78%   114 4486s
 162048 25169     cutoff   93         0.52965    0.49382  6.77%   114 4495s
 162502 25189    0.50852   88  145    0.52965    0.49391  6.75%   114 4502s
 162716 25239    0.49447  104  142    0.52965    0.49394  6.74%   114 4512s
 163253 25238    0.51326  110  142    0.52965    0.49404  6.72%   114 4518s
 163449 25195    0.50789  116  138    0.52965    0.49408  6.72%   114 4533s
 164085 25184    0.51865   87  143    0.52965    0.49429  6.68%   113 4541s
 164286 25270     cutoff  103         0.52965    0.49437  6.66%   113 4554s
 164899 25260     cutoff  102         0.52965    0.49448  6.64%   113 4562s
 165137 25335    0.51860  105  132    0.52965    0.49456  6.63%   113 4574s
 165787 25371 infeasible  117         0.52965    0.49464  6.61%   113 4583s
 166050 25436    0.51628   99  154    0.52965    0.49473  6.59%   113 4594s
 166690 25394 infeasible   98         0.52965    0.49493  6.56%   113 4602s
 166912 25380    0.51926   92  138    0.52965    0.49501  6.54%   113 4611s
 167132 25390 infeasible  114         0.52965    0.49504  6.53%   113 4621s
 167739 25371     cutoff   79         0.52965    0.49519  6.51%   113 4629s
 168008 25332 infeasible   95         0.52965    0.49528  6.49%   113 4639s
 168292 25292 infeasible   92         0.52965    0.49540  6.47%   113 4648s
 168668 25267    0.51770   88  138    0.52965    0.49550  6.45%   113 4658s
 169006 25219    0.51433   85  131    0.52965    0.49562  6.43%   113 4664s

Cutting planes:
  Learned: 1
  Gomory: 66
  Cover: 6
  Implied bound: 2
  Projected implied bound: 4
  Clique: 15
  MIR: 94
  Flow cover: 62
  RLT: 14
  Relax-and-lift: 18

Explored 169238 nodes (19069621 simplex iterations) in 4664.55 seconds
Thread count was 8 (of 8 available processors)

Solution count 10: 0.529651 0.529731 0.532193 ... 1.60415

Solve interrupted
Best objective 5.296512845818e-01, best bound 4.956680109577e-01, gap 6.4162%
